0 info it worked if it ends with ok
1 verbose cli [ '/usr/local/bin/node', '/usr/local/bin/npm', 'install' ]
2 info using npm@3.6.0
3 info using node@v5.7.0
4 silly loadCurrentTree Starting
5 silly install loadCurrentTree
6 silly install readLocalPackageData
7 silly install normalizeTree
8 silly loadCurrentTree Finishing
9 silly loadIdealTree Starting
10 silly install loadIdealTree
11 silly cloneCurrentTree Starting
12 silly install cloneCurrentTreeToIdealTree
13 silly cloneCurrentTree Finishing
14 silly loadShrinkwrap Starting
15 silly install loadShrinkwrap
16 silly loadShrinkwrap Finishing
17 silly loadAllDepsIntoIdealTree Starting
18 silly install loadAllDepsIntoIdealTree
19 silly loadAllDepsIntoIdealTree Finishing
20 silly idealTree:prePrune browser-sync-jekyll@0.0.0
20 silly idealTree:prePrune ├── abbrev@1.0.7
20 silly idealTree:prePrune ├── accepts@1.2.13
20 silly idealTree:prePrune ├── acorn-globals@1.0.9
20 silly idealTree:prePrune ├── acorn@2.7.0
20 silly idealTree:prePrune ├── after@0.8.1
20 silly idealTree:prePrune ├── align-text@0.1.4
20 silly idealTree:prePrune ├── amdefine@1.0.0
20 silly idealTree:prePrune ├── ansi-regex@0.2.1
20 silly idealTree:prePrune ├── ansi-styles@1.1.0
20 silly idealTree:prePrune ├── ansi@0.3.1
20 silly idealTree:prePrune ├── anymatch@1.3.0
20 silly idealTree:prePrune ├── archy@1.0.0
20 silly idealTree:prePrune ├── are-we-there-yet@1.0.6
20 silly idealTree:prePrune ├── arr-diff@2.0.0
20 silly idealTree:prePrune ├── arr-flatten@1.0.1
20 silly idealTree:prePrune ├── array-differ@1.0.0
20 silly idealTree:prePrune ├── array-index@1.0.0
20 silly idealTree:prePrune ├── array-uniq@1.0.2
20 silly idealTree:prePrune ├── array-unique@0.2.1
20 silly idealTree:prePrune ├── arraybuffer.slice@0.0.6
20 silly idealTree:prePrune ├── arrify@1.0.1
20 silly idealTree:prePrune ├── asap@1.0.0
20 silly idealTree:prePrune ├── asn1@0.1.11
20 silly idealTree:prePrune ├── assert-plus@0.1.5
20 silly idealTree:prePrune ├── async-each-series@0.1.1
20 silly idealTree:prePrune ├── async-each@0.1.6
20 silly idealTree:prePrune ├── async-foreach@0.1.3
20 silly idealTree:prePrune ├── async@1.5.2
20 silly idealTree:prePrune ├── autoprefixer-core@5.2.1
20 silly idealTree:prePrune ├── aws-sign2@0.6.0
20 silly idealTree:prePrune ├── backo2@1.0.2
20 silly idealTree:prePrune ├── balanced-match@0.3.0
20 silly idealTree:prePrune ├── base64-arraybuffer@0.1.2
20 silly idealTree:prePrune ├── base64id@0.1.0
20 silly idealTree:prePrune ├── batch@0.5.3
20 silly idealTree:prePrune ├── beeper@1.1.0
20 silly idealTree:prePrune ├── benchmark@1.0.0
20 silly idealTree:prePrune ├── better-assert@1.0.2
20 silly idealTree:prePrune ├── binary-extensions@1.4.0
20 silly idealTree:prePrune ├── bindings@1.2.1
20 silly idealTree:prePrune ├── bl@1.0.3
20 silly idealTree:prePrune ├── blob@0.0.4
20 silly idealTree:prePrune ├── block-stream@0.0.8
20 silly idealTree:prePrune ├── boom@2.10.1
20 silly idealTree:prePrune ├── brace-expansion@1.1.3
20 silly idealTree:prePrune ├── braces@1.8.3
20 silly idealTree:prePrune ├── browser-sync-client@2.4.1
20 silly idealTree:prePrune ├── browser-sync-ui@0.5.18
20 silly idealTree:prePrune ├── browser-sync@2.11.1
20 silly idealTree:prePrune ├── browserslist@0.4.0
20 silly idealTree:prePrune ├── bs-recipes@1.1.0
20 silly idealTree:prePrune ├── bufferutil@1.2.1
20 silly idealTree:prePrune ├── callsite@1.0.0
20 silly idealTree:prePrune ├── camelcase-keys@1.0.0
20 silly idealTree:prePrune ├── camelcase@1.2.1
20 silly idealTree:prePrune ├── caniuse-db@1.0.30000411
20 silly idealTree:prePrune ├── caseless@0.11.0
20 silly idealTree:prePrune ├─┬ center-align@0.1.3
20 silly idealTree:prePrune │ └── lazy-cache@1.0.3
20 silly idealTree:prePrune ├── chalk@0.5.1
20 silly idealTree:prePrune ├── character-parser@1.2.1
20 silly idealTree:prePrune ├── chokidar@1.4.1
20 silly idealTree:prePrune ├─┬ clean-css@3.4.9
20 silly idealTree:prePrune │ └── commander@2.8.1
20 silly idealTree:prePrune ├─┬ cliui@3.1.0
20 silly idealTree:prePrune │ ├── ansi-regex@2.0.0
20 silly idealTree:prePrune │ └── strip-ansi@3.0.1
20 silly idealTree:prePrune ├── clone-stats@0.0.1
20 silly idealTree:prePrune ├── clone@1.0.2
20 silly idealTree:prePrune ├── code-point-at@1.0.0
20 silly idealTree:prePrune ├── color-convert@1.0.0
20 silly idealTree:prePrune ├── combined-stream@1.0.5
20 silly idealTree:prePrune ├── commander@2.9.0
20 silly idealTree:prePrune ├── component-bind@1.0.0
20 silly idealTree:prePrune ├── component-emitter@1.1.2
20 silly idealTree:prePrune ├── component-inherit@0.0.3
20 silly idealTree:prePrune ├── concat-map@0.0.1
20 silly idealTree:prePrune ├── concat-stream@1.5.1
20 silly idealTree:prePrune ├── config-chain@1.1.10
20 silly idealTree:prePrune ├── connect-history-api-fallback@1.1.0
20 silly idealTree:prePrune ├── connect@3.4.1
20 silly idealTree:prePrune ├── constantinople@3.0.2
20 silly idealTree:prePrune ├── core-util-is@1.0.2
20 silly idealTree:prePrune ├─┬ cross-spawn-async@2.1.9
20 silly idealTree:prePrune │ └── lru-cache@4.0.0
20 silly idealTree:prePrune ├── cross-spawn@2.1.5
20 silly idealTree:prePrune ├── cryptiles@2.0.5
20 silly idealTree:prePrune ├── css-parse@1.0.4
20 silly idealTree:prePrune ├── css-stringify@1.0.5
20 silly idealTree:prePrune ├── css@1.0.8
20 silly idealTree:prePrune ├── ctype@0.5.3
20 silly idealTree:prePrune ├── d@0.1.1
20 silly idealTree:prePrune ├── dateformat@1.0.12
20 silly idealTree:prePrune ├── debug@2.2.0
20 silly idealTree:prePrune ├── decamelize@1.1.2
20 silly idealTree:prePrune ├── defaults@1.0.3
20 silly idealTree:prePrune ├── delayed-stream@1.0.0
20 silly idealTree:prePrune ├── delegates@1.0.0
20 silly idealTree:prePrune ├── depd@1.1.0
20 silly idealTree:prePrune ├── deprecated@0.0.1
20 silly idealTree:prePrune ├── destroy@1.0.4
20 silly idealTree:prePrune ├── dev-ip@1.0.1
20 silly idealTree:prePrune ├─┬ duplexer2@0.0.2
20 silly idealTree:prePrune │ └── readable-stream@1.1.13
20 silly idealTree:prePrune ├── easy-extender@2.3.2
20 silly idealTree:prePrune ├── eazy-logger@2.1.2
20 silly idealTree:prePrune ├── ee-first@1.1.1
20 silly idealTree:prePrune ├── emitter-steward@1.0.0
20 silly idealTree:prePrune ├── end-of-stream@0.1.5
20 silly idealTree:prePrune ├─┬ engine.io-client@1.5.4
20 silly idealTree:prePrune │ ├── debug@1.0.4
20 silly idealTree:prePrune │ ├── ms@0.6.2
20 silly idealTree:prePrune │ └── parseuri@0.0.4
20 silly idealTree:prePrune ├── engine.io-parser@1.2.2
20 silly idealTree:prePrune ├─┬ engine.io@1.5.4
20 silly idealTree:prePrune │ ├── debug@1.0.3
20 silly idealTree:prePrune │ └── ms@0.6.2
20 silly idealTree:prePrune ├── es5-ext@0.10.11
20 silly idealTree:prePrune ├── es6-iterator@2.0.0
20 silly idealTree:prePrune ├── es6-promise@2.3.0
20 silly idealTree:prePrune ├── es6-symbol@3.0.2
20 silly idealTree:prePrune ├── escape-html@1.0.3
20 silly idealTree:prePrune ├── escape-string-regexp@1.0.5
20 silly idealTree:prePrune ├── etag@1.7.0
20 silly idealTree:prePrune ├── eventemitter3@1.1.1
20 silly idealTree:prePrune ├── expand-brackets@0.1.4
20 silly idealTree:prePrune ├── expand-range@1.8.1
20 silly idealTree:prePrune ├─┬ express@2.5.11
20 silly idealTree:prePrune │ └── connect@1.9.2
20 silly idealTree:prePrune ├── extend@3.0.0
20 silly idealTree:prePrune ├── extglob@0.3.2
20 silly idealTree:prePrune ├─┬ fancy-log@1.2.0
20 silly idealTree:prePrune │ ├── ansi-regex@2.0.0
20 silly idealTree:prePrune │ ├── ansi-styles@2.2.0
20 silly idealTree:prePrune │ ├── chalk@1.1.1
20 silly idealTree:prePrune │ ├── has-ansi@2.0.0
20 silly idealTree:prePrune │ ├── strip-ansi@3.0.1
20 silly idealTree:prePrune │ └── supports-color@2.0.0
20 silly idealTree:prePrune ├── filename-regex@2.0.0
20 silly idealTree:prePrune ├── fill-range@2.2.3
20 silly idealTree:prePrune ├── finalhandler@0.4.1
20 silly idealTree:prePrune ├── find-index@0.1.1
20 silly idealTree:prePrune ├─┬ findup-sync@0.3.0
20 silly idealTree:prePrune │ └── glob@5.0.15
20 silly idealTree:prePrune ├── first-chunk-stream@1.0.0
20 silly idealTree:prePrune ├── flagged-respawn@0.3.1
20 silly idealTree:prePrune ├── for-in@0.1.4
20 silly idealTree:prePrune ├── for-own@0.1.3
20 silly idealTree:prePrune ├── forever-agent@0.6.1
20 silly idealTree:prePrune ├── form-data@1.0.0-rc3
20 silly idealTree:prePrune ├── formidable@1.0.17
20 silly idealTree:prePrune ├─┬ foxy@11.1.4
20 silly idealTree:prePrune │ └── resp-modifier@4.0.4
20 silly idealTree:prePrune ├── fresh@0.3.0
20 silly idealTree:prePrune ├── fs-extra@0.26.5
20 silly idealTree:prePrune ├─┬ fsevents@1.0.8
20 silly idealTree:prePrune │ ├── ansi-regex@2.0.0
20 silly idealTree:prePrune │ ├── ansi-styles@2.1.0
20 silly idealTree:prePrune │ ├── ansi@0.3.1
20 silly idealTree:prePrune │ ├── are-we-there-yet@1.0.6
20 silly idealTree:prePrune │ ├── asn1@0.2.3
20 silly idealTree:prePrune │ ├── assert-plus@0.2.0
20 silly idealTree:prePrune │ ├── async@1.5.2
20 silly idealTree:prePrune │ ├── aws-sign2@0.6.0
20 silly idealTree:prePrune │ ├─┬ aws4@1.2.1
20 silly idealTree:prePrune │ │ └── lru-cache@2.7.3
20 silly idealTree:prePrune │ ├── bl@1.0.2
20 silly idealTree:prePrune │ ├── block-stream@0.0.8
20 silly idealTree:prePrune │ ├── boom@2.10.1
20 silly idealTree:prePrune │ ├── caseless@0.11.0
20 silly idealTree:prePrune │ ├── chalk@1.1.1
20 silly idealTree:prePrune │ ├── combined-stream@1.0.5
20 silly idealTree:prePrune │ ├── commander@2.9.0
20 silly idealTree:prePrune │ ├── core-util-is@1.0.2
20 silly idealTree:prePrune │ ├── cryptiles@2.0.5
20 silly idealTree:prePrune │ ├── dashdash@1.12.2
20 silly idealTree:prePrune │ ├── debug@2.2.0
20 silly idealTree:prePrune │ ├── deep-extend@0.4.1
20 silly idealTree:prePrune │ ├── delayed-stream@1.0.0
20 silly idealTree:prePrune │ ├── delegates@1.0.0
20 silly idealTree:prePrune │ ├── ecc-jsbn@0.1.1
20 silly idealTree:prePrune │ ├── escape-string-regexp@1.0.4
20 silly idealTree:prePrune │ ├── extend@3.0.0
20 silly idealTree:prePrune │ ├── extsprintf@1.0.2
20 silly idealTree:prePrune │ ├── forever-agent@0.6.1
20 silly idealTree:prePrune │ ├── form-data@1.0.0-rc3
20 silly idealTree:prePrune │ ├─┬ fstream-ignore@1.0.3
20 silly idealTree:prePrune │ │ └─┬ minimatch@3.0.0
20 silly idealTree:prePrune │ │   └─┬ brace-expansion@1.1.2
20 silly idealTree:prePrune │ │     ├── balanced-match@0.3.0
20 silly idealTree:prePrune │ │     └── concat-map@0.0.1
20 silly idealTree:prePrune │ ├── fstream@1.0.8
20 silly idealTree:prePrune │ ├── gauge@1.2.5
20 silly idealTree:prePrune │ ├── generate-function@2.0.0
20 silly idealTree:prePrune │ ├── generate-object-property@1.2.0
20 silly idealTree:prePrune │ ├── graceful-fs@4.1.3
20 silly idealTree:prePrune │ ├── graceful-readlink@1.0.1
20 silly idealTree:prePrune │ ├── har-validator@2.0.6
20 silly idealTree:prePrune │ ├── has-ansi@2.0.0
20 silly idealTree:prePrune │ ├── has-unicode@2.0.0
20 silly idealTree:prePrune │ ├── hawk@3.1.3
20 silly idealTree:prePrune │ ├── hoek@2.16.3
20 silly idealTree:prePrune │ ├── http-signature@1.1.1
20 silly idealTree:prePrune │ ├── inherits@2.0.1
20 silly idealTree:prePrune │ ├── ini@1.3.4
20 silly idealTree:prePrune │ ├── is-my-json-valid@2.12.4
20 silly idealTree:prePrune │ ├── is-property@1.0.2
20 silly idealTree:prePrune │ ├── is-typedarray@1.0.0
20 silly idealTree:prePrune │ ├── isarray@0.0.1
20 silly idealTree:prePrune │ ├── isstream@0.1.2
20 silly idealTree:prePrune │ ├── jodid25519@1.0.2
20 silly idealTree:prePrune │ ├── jsbn@0.1.0
20 silly idealTree:prePrune │ ├── json-schema@0.2.2
20 silly idealTree:prePrune │ ├── json-stringify-safe@5.0.1
20 silly idealTree:prePrune │ ├── jsonpointer@2.0.0
20 silly idealTree:prePrune │ ├── jsprim@1.2.2
20 silly idealTree:prePrune │ ├── lodash._basetostring@3.0.1
20 silly idealTree:prePrune │ ├── lodash._createpadding@3.6.1
20 silly idealTree:prePrune │ ├── lodash._root@3.0.0
20 silly idealTree:prePrune │ ├── lodash.pad@3.3.0
20 silly idealTree:prePrune │ ├── lodash.padleft@3.1.1
20 silly idealTree:prePrune │ ├── lodash.padright@3.1.1
20 silly idealTree:prePrune │ ├── lodash.repeat@3.2.0
20 silly idealTree:prePrune │ ├── mime-db@1.21.0
20 silly idealTree:prePrune │ ├── mime-types@2.1.9
20 silly idealTree:prePrune │ ├── minimist@0.0.8
20 silly idealTree:prePrune │ ├── mkdirp@0.5.1
20 silly idealTree:prePrune │ ├── ms@0.7.1
20 silly idealTree:prePrune │ ├─┬ node-pre-gyp@0.6.21
20 silly idealTree:prePrune │ │ └─┬ nopt@3.0.6
20 silly idealTree:prePrune │ │   └── abbrev@1.0.7
20 silly idealTree:prePrune │ ├── node-uuid@1.4.7
20 silly idealTree:prePrune │ ├── npmlog@2.0.2
20 silly idealTree:prePrune │ ├── oauth-sign@0.8.1
20 silly idealTree:prePrune │ ├── once@1.3.3
20 silly idealTree:prePrune │ ├── pinkie-promise@2.0.0
20 silly idealTree:prePrune │ ├── pinkie@2.0.4
20 silly idealTree:prePrune │ ├── process-nextick-args@1.0.6
20 silly idealTree:prePrune │ ├── qs@6.0.2
20 silly idealTree:prePrune │ ├─┬ rc@1.1.6
20 silly idealTree:prePrune │ │ └── minimist@1.2.0
20 silly idealTree:prePrune │ ├── readable-stream@2.0.5
20 silly idealTree:prePrune │ ├── request@2.69.0
20 silly idealTree:prePrune │ ├─┬ rimraf@2.5.1
20 silly idealTree:prePrune │ │ └─┬ glob@6.0.4
20 silly idealTree:prePrune │ │   ├─┬ inflight@1.0.4
20 silly idealTree:prePrune │ │   │ └── wrappy@1.0.1
20 silly idealTree:prePrune │ │   ├── inherits@2.0.1
20 silly idealTree:prePrune │ │   ├─┬ minimatch@3.0.0
20 silly idealTree:prePrune │ │   │ └─┬ brace-expansion@1.1.2
20 silly idealTree:prePrune │ │   │   ├── balanced-match@0.3.0
20 silly idealTree:prePrune │ │   │   └── concat-map@0.0.1
20 silly idealTree:prePrune │ │   ├─┬ once@1.3.3
20 silly idealTree:prePrune │ │   │ └── wrappy@1.0.1
20 silly idealTree:prePrune │ │   └── path-is-absolute@1.0.0
20 silly idealTree:prePrune │ ├── semver@5.1.0
20 silly idealTree:prePrune │ ├── sntp@1.0.9
20 silly idealTree:prePrune │ ├── sshpk@1.7.3
20 silly idealTree:prePrune │ ├── string_decoder@0.10.31
20 silly idealTree:prePrune │ ├── stringstream@0.0.5
20 silly idealTree:prePrune │ ├── strip-ansi@3.0.0
20 silly idealTree:prePrune │ ├── strip-json-comments@1.0.4
20 silly idealTree:prePrune │ ├── supports-color@2.0.0
20 silly idealTree:prePrune │ ├── tar-pack@3.1.3
20 silly idealTree:prePrune │ ├── tar@2.2.1
20 silly idealTree:prePrune │ ├── tough-cookie@2.2.1
20 silly idealTree:prePrune │ ├── tunnel-agent@0.4.2
20 silly idealTree:prePrune │ ├── tweetnacl@0.13.3
20 silly idealTree:prePrune │ ├── uid-number@0.0.6
20 silly idealTree:prePrune │ ├── util-deprecate@1.0.2
20 silly idealTree:prePrune │ ├── verror@1.3.6
20 silly idealTree:prePrune │ ├── wrappy@1.0.1
20 silly idealTree:prePrune │ └── xtend@4.0.1
20 silly idealTree:prePrune ├─┬ fstream@1.0.8
20 silly idealTree:prePrune │ ├── minimist@0.0.8
20 silly idealTree:prePrune │ └── mkdirp@0.5.1
20 silly idealTree:prePrune ├── gauge@1.2.7
20 silly idealTree:prePrune ├── gaze@0.5.2
20 silly idealTree:prePrune ├── generate-function@2.0.0
20 silly idealTree:prePrune ├── generate-object-property@1.2.0
20 silly idealTree:prePrune ├── get-stdin@4.0.1
20 silly idealTree:prePrune ├── glob-base@0.3.0
20 silly idealTree:prePrune ├── glob-parent@2.0.0
20 silly idealTree:prePrune ├─┬ glob-stream@3.1.18
20 silly idealTree:prePrune │ ├── glob@4.5.3
20 silly idealTree:prePrune │ ├── readable-stream@1.0.33
20 silly idealTree:prePrune │ └── through2@0.6.5
20 silly idealTree:prePrune ├── glob-watcher@0.0.6
20 silly idealTree:prePrune ├── glob@7.0.0
20 silly idealTree:prePrune ├── glob2base@0.0.12
20 silly idealTree:prePrune ├── global@2.0.1
20 silly idealTree:prePrune ├─┬ globule@0.1.0
20 silly idealTree:prePrune │ ├── glob@3.1.21
20 silly idealTree:prePrune │ ├── graceful-fs@1.2.3
20 silly idealTree:prePrune │ ├── inherits@1.0.2
20 silly idealTree:prePrune │ ├── lodash@1.0.2
20 silly idealTree:prePrune │ └── minimatch@0.2.14
20 silly idealTree:prePrune ├── glogg@1.0.0
20 silly idealTree:prePrune ├── graceful-fs@4.1.3
20 silly idealTree:prePrune ├── graceful-readlink@1.0.1
20 silly idealTree:prePrune ├─┬ gulp-autoprefixer@2.3.1
20 silly idealTree:prePrune │ ├── object-assign@2.1.1
20 silly idealTree:prePrune │ ├── readable-stream@1.0.33
20 silly idealTree:prePrune │ └── through2@0.6.5
20 silly idealTree:prePrune ├── gulp-jade@1.1.0
20 silly idealTree:prePrune ├─┬ gulp-sass@2.2.0
20 silly idealTree:prePrune │ ├── object-assign@4.0.1
20 silly idealTree:prePrune │ ├── source-map@0.5.3
20 silly idealTree:prePrune │ └── vinyl-sourcemaps-apply@0.2.1
20 silly idealTree:prePrune ├─┬ gulp-util@3.0.7
20 silly idealTree:prePrune │ ├── ansi-regex@2.0.0
20 silly idealTree:prePrune │ ├── ansi-styles@2.2.0
20 silly idealTree:prePrune │ ├── chalk@1.1.1
20 silly idealTree:prePrune │ ├── has-ansi@2.0.0
20 silly idealTree:prePrune │ ├── strip-ansi@3.0.1
20 silly idealTree:prePrune │ └── supports-color@2.0.0
20 silly idealTree:prePrune ├─┬ gulp@3.9.1
20 silly idealTree:prePrune │ ├── ansi-regex@2.0.0
20 silly idealTree:prePrune │ ├── ansi-styles@2.2.0
20 silly idealTree:prePrune │ ├── chalk@1.1.1
20 silly idealTree:prePrune │ ├── has-ansi@2.0.0
20 silly idealTree:prePrune │ ├── strip-ansi@3.0.1
20 silly idealTree:prePrune │ └── supports-color@2.0.0
20 silly idealTree:prePrune ├── gulplog@1.0.0
20 silly idealTree:prePrune ├─┬ har-validator@2.0.6
20 silly idealTree:prePrune │ ├── ansi-regex@2.0.0
20 silly idealTree:prePrune │ ├── ansi-styles@2.2.0
20 silly idealTree:prePrune │ ├── chalk@1.1.1
20 silly idealTree:prePrune │ ├── has-ansi@2.0.0
20 silly idealTree:prePrune │ ├── strip-ansi@3.0.1
20 silly idealTree:prePrune │ └── supports-color@2.0.0
20 silly idealTree:prePrune ├── has-ansi@0.1.0
20 silly idealTree:prePrune ├── has-binary-data@0.1.3
20 silly idealTree:prePrune ├── has-binary@0.1.6
20 silly idealTree:prePrune ├── has-cors@1.0.3
20 silly idealTree:prePrune ├── has-gulplog@0.1.0
20 silly idealTree:prePrune ├── has-unicode@2.0.0
20 silly idealTree:prePrune ├── hawk@3.1.3
20 silly idealTree:prePrune ├── hoek@2.16.3
20 silly idealTree:prePrune ├── http-errors@1.3.1
20 silly idealTree:prePrune ├── http-proxy@1.13.2
20 silly idealTree:prePrune ├── http-signature@0.11.0
20 silly idealTree:prePrune ├── immutable@3.7.6
20 silly idealTree:prePrune ├── indent-string@1.2.2
20 silly idealTree:prePrune ├── indexof@0.0.1
20 silly idealTree:prePrune ├── inflight@1.0.4
20 silly idealTree:prePrune ├── inherits@2.0.1
20 silly idealTree:prePrune ├── ini@1.3.4
20 silly idealTree:prePrune ├── interpret@1.0.0
20 silly idealTree:prePrune ├── invert-kv@1.0.0
20 silly idealTree:prePrune ├── is-absolute@0.1.7
20 silly idealTree:prePrune ├── is-binary-path@1.0.1
20 silly idealTree:prePrune ├── is-buffer@1.1.2
20 silly idealTree:prePrune ├── is-dotfile@1.0.2
20 silly idealTree:prePrune ├── is-equal-shallow@0.1.3
20 silly idealTree:prePrune ├── is-extendable@0.1.1
20 silly idealTree:prePrune ├── is-extglob@1.0.0
20 silly idealTree:prePrune ├── is-finite@1.0.1
20 silly idealTree:prePrune ├── is-fullwidth-code-point@1.0.0
20 silly idealTree:prePrune ├── is-glob@2.0.1
20 silly idealTree:prePrune ├── is-my-json-valid@2.13.1
20 silly idealTree:prePrune ├── is-number@2.1.0
20 silly idealTree:prePrune ├── is-primitive@2.0.0
20 silly idealTree:prePrune ├── is-promise@2.1.0
20 silly idealTree:prePrune ├── is-property@1.0.2
20 silly idealTree:prePrune ├── is-relative@0.1.3
20 silly idealTree:prePrune ├── is-utf8@0.2.1
20 silly idealTree:prePrune ├── isarray@0.0.1
20 silly idealTree:prePrune ├── isexe@1.1.2
20 silly idealTree:prePrune ├── isobject@2.0.0
20 silly idealTree:prePrune ├── isstream@0.1.2
20 silly idealTree:prePrune ├─┬ jade@1.11.0
20 silly idealTree:prePrune │ ├── commander@2.6.0
20 silly idealTree:prePrune │ ├── minimist@0.0.8
20 silly idealTree:prePrune │ └── mkdirp@0.5.1
20 silly idealTree:prePrune ├── js-base64@2.1.9
20 silly idealTree:prePrune ├── json-stringify-safe@5.0.1
20 silly idealTree:prePrune ├── json3@3.2.6
20 silly idealTree:prePrune ├── jsonfile@2.2.3
20 silly idealTree:prePrune ├── jsonpointer@2.0.0
20 silly idealTree:prePrune ├── jstransformer@0.0.2
20 silly idealTree:prePrune ├── kind-of@3.0.2
20 silly idealTree:prePrune ├── klaw@1.1.3
20 silly idealTree:prePrune ├── lazy-cache@0.2.7
20 silly idealTree:prePrune ├── lcid@1.0.0
20 silly idealTree:prePrune ├─┬ liftoff@2.2.0
20 silly idealTree:prePrune │ └── extend@2.0.1
20 silly idealTree:prePrune ├── limiter@1.1.0
20 silly idealTree:prePrune ├── localtunnel@1.8.1
20 silly idealTree:prePrune ├── lodash._arraycopy@3.0.0
20 silly idealTree:prePrune ├── lodash._arrayeach@3.0.0
20 silly idealTree:prePrune ├── lodash._basecopy@3.0.1
20 silly idealTree:prePrune ├── lodash._basefor@3.0.3
20 silly idealTree:prePrune ├── lodash._basetostring@3.0.1
20 silly idealTree:prePrune ├── lodash._basevalues@3.0.0
20 silly idealTree:prePrune ├── lodash._bindcallback@3.0.1
20 silly idealTree:prePrune ├── lodash._createassigner@3.1.1
20 silly idealTree:prePrune ├── lodash._getnative@3.9.1
20 silly idealTree:prePrune ├── lodash._isiterateecall@3.0.9
20 silly idealTree:prePrune ├── lodash._reescape@3.0.0
20 silly idealTree:prePrune ├── lodash._reevaluate@3.0.0
20 silly idealTree:prePrune ├── lodash._reinterpolate@3.0.0
20 silly idealTree:prePrune ├── lodash._root@3.0.1
20 silly idealTree:prePrune ├── lodash.escape@3.2.0
20 silly idealTree:prePrune ├── lodash.isarguments@3.0.7
20 silly idealTree:prePrune ├── lodash.isarray@3.0.4
20 silly idealTree:prePrune ├── lodash.isplainobject@3.2.0
20 silly idealTree:prePrune ├── lodash.istypedarray@3.0.5
20 silly idealTree:prePrune ├── lodash.keys@3.1.2
20 silly idealTree:prePrune ├── lodash.keysin@3.0.8
20 silly idealTree:prePrune ├── lodash.merge@3.3.2
20 silly idealTree:prePrune ├── lodash.pad@4.1.0
20 silly idealTree:prePrune ├── lodash.padend@4.2.0
20 silly idealTree:prePrune ├── lodash.padstart@4.2.0
20 silly idealTree:prePrune ├── lodash.repeat@4.0.0
20 silly idealTree:prePrune ├── lodash.restparam@3.6.1
20 silly idealTree:prePrune ├── lodash.template@3.6.2
20 silly idealTree:prePrune ├── lodash.templatesettings@3.1.1
20 silly idealTree:prePrune ├── lodash.toplainobject@3.0.0
20 silly idealTree:prePrune ├── lodash.tostring@4.1.1
20 silly idealTree:prePrune ├── lodash@3.10.1
20 silly idealTree:prePrune ├── longest@1.0.1
20 silly idealTree:prePrune ├── lru-cache@2.7.3
20 silly idealTree:prePrune ├── map-obj@1.0.1
20 silly idealTree:prePrune ├── meow@3.3.0
20 silly idealTree:prePrune ├── micromatch@2.3.5
20 silly idealTree:prePrune ├── mime-db@1.22.0
20 silly idealTree:prePrune ├── mime-types@2.1.10
20 silly idealTree:prePrune ├── mime@1.2.4
20 silly idealTree:prePrune ├── minimatch@2.0.10
20 silly idealTree:prePrune ├── minimist@1.2.0
20 silly idealTree:prePrune ├── mkdirp@0.3.0
20 silly idealTree:prePrune ├── ms@0.7.1
20 silly idealTree:prePrune ├── multipipe@0.1.2
20 silly idealTree:prePrune ├── nan@2.2.0
20 silly idealTree:prePrune ├── negotiator@0.5.3
20 silly idealTree:prePrune ├─┬ node-gyp@3.3.0
20 silly idealTree:prePrune │ ├─┬ glob@4.5.3
20 silly idealTree:prePrune │ │ └── minimatch@2.0.10
20 silly idealTree:prePrune │ ├── minimatch@1.0.0
20 silly idealTree:prePrune │ ├── minimist@0.0.8
20 silly idealTree:prePrune │ └── mkdirp@0.5.1
20 silly idealTree:prePrune ├─┬ node-sass@3.4.2
20 silly idealTree:prePrune │ ├── ansi-regex@2.0.0
20 silly idealTree:prePrune │ ├── ansi-styles@2.2.0
20 silly idealTree:prePrune │ ├── chalk@1.1.1
20 silly idealTree:prePrune │ ├── glob@5.0.15
20 silly idealTree:prePrune │ ├── has-ansi@2.0.0
20 silly idealTree:prePrune │ ├── minimist@0.0.8
20 silly idealTree:prePrune │ ├── mkdirp@0.5.1
20 silly idealTree:prePrune │ ├── strip-ansi@3.0.1
20 silly idealTree:prePrune │ └── supports-color@2.0.0
20 silly idealTree:prePrune ├── node-uuid@1.4.7
20 silly idealTree:prePrune ├── nopt@3.0.6
20 silly idealTree:prePrune ├── normalize-path@2.0.1
20 silly idealTree:prePrune ├─┬ npmconf@2.1.2
20 silly idealTree:prePrune │ ├── minimist@0.0.8
20 silly idealTree:prePrune │ └── mkdirp@0.5.1
20 silly idealTree:prePrune ├── npmlog@2.0.2
20 silly idealTree:prePrune ├── num2fraction@1.2.2
20 silly idealTree:prePrune ├── number-is-nan@1.0.0
20 silly idealTree:prePrune ├── oauth-sign@0.8.1
20 silly idealTree:prePrune ├── object-assign@3.0.0
20 silly idealTree:prePrune ├── object-component@0.0.3
20 silly idealTree:prePrune ├── object-keys@1.0.1
20 silly idealTree:prePrune ├── object-path@0.9.2
20 silly idealTree:prePrune ├── object.omit@2.0.0
20 silly idealTree:prePrune ├── on-finished@2.3.0
20 silly idealTree:prePrune ├── once@1.3.3
20 silly idealTree:prePrune ├── openurl@1.1.0
20 silly idealTree:prePrune ├─┬ opn@3.0.3
20 silly idealTree:prePrune │ └── object-assign@4.0.1
20 silly idealTree:prePrune ├── opt-merger@1.1.1
20 silly idealTree:prePrune ├── optimist@0.3.7
20 silly idealTree:prePrune ├── options@0.0.6
20 silly idealTree:prePrune ├── orchestrator@0.3.7
20 silly idealTree:prePrune ├── ordered-read-streams@0.1.0
20 silly idealTree:prePrune ├── os-homedir@1.0.1
20 silly idealTree:prePrune ├── os-locale@1.4.0
20 silly idealTree:prePrune ├── os-shim@0.1.3
20 silly idealTree:prePrune ├── os-tmpdir@1.0.1
20 silly idealTree:prePrune ├── osenv@0.1.3
20 silly idealTree:prePrune ├── parse-glob@3.0.4
20 silly idealTree:prePrune ├── parsejson@0.0.1
20 silly idealTree:prePrune ├── parseqs@0.0.2
20 silly idealTree:prePrune ├── parseuri@0.0.2
20 silly idealTree:prePrune ├── parseurl@1.3.1
20 silly idealTree:prePrune ├── path-array@1.0.1
20 silly idealTree:prePrune ├── path-is-absolute@1.0.0
20 silly idealTree:prePrune ├── pinkie-promise@2.0.0
20 silly idealTree:prePrune ├── pinkie@2.0.4
20 silly idealTree:prePrune ├─┬ portscanner@1.0.0
20 silly idealTree:prePrune │ └── async@0.1.15
20 silly idealTree:prePrune ├── postcss@4.1.16
20 silly idealTree:prePrune ├── preserve@0.2.0
20 silly idealTree:prePrune ├── pretty-hrtime@1.0.2
20 silly idealTree:prePrune ├── process-nextick-args@1.0.6
20 silly idealTree:prePrune ├── promise@6.1.0
20 silly idealTree:prePrune ├── proto-list@1.2.4
20 silly idealTree:prePrune ├── pseudomap@1.0.2
20 silly idealTree:prePrune ├── qs@0.4.2
20 silly idealTree:prePrune ├── query-string@2.4.2
20 silly idealTree:prePrune ├── randomatic@1.1.5
20 silly idealTree:prePrune ├── range-parser@1.0.3
20 silly idealTree:prePrune ├── readable-stream@2.0.5
20 silly idealTree:prePrune ├── readdirp@2.0.0
20 silly idealTree:prePrune ├── rechoir@0.6.2
20 silly idealTree:prePrune ├── regex-cache@0.4.2
20 silly idealTree:prePrune ├── repeat-element@1.1.2
20 silly idealTree:prePrune ├── repeat-string@1.5.2
20 silly idealTree:prePrune ├── repeating@1.1.3
20 silly idealTree:prePrune ├── replace-ext@0.0.1
20 silly idealTree:prePrune ├─┬ request@2.65.0
20 silly idealTree:prePrune │ └── qs@5.2.0
20 silly idealTree:prePrune ├── requires-port@1.0.0
20 silly idealTree:prePrune ├── resolve@1.1.7
20 silly idealTree:prePrune ├── resp-modifier@5.0.2
20 silly idealTree:prePrune ├── right-align@0.1.3
20 silly idealTree:prePrune ├── rimraf@2.5.2
20 silly idealTree:prePrune ├─┬ sass-graph@2.1.1
20 silly idealTree:prePrune │ ├── glob@6.0.4
20 silly idealTree:prePrune │ └── lodash@4.5.1
20 silly idealTree:prePrune ├── semver@4.3.6
20 silly idealTree:prePrune ├─┬ send@0.13.1
20 silly idealTree:prePrune │ └── mime@1.3.4
20 silly idealTree:prePrune ├── sequencify@0.0.7
20 silly idealTree:prePrune ├── serve-index@1.7.3
20 silly idealTree:prePrune ├── serve-static@1.10.2
20 silly idealTree:prePrune ├── sigmund@1.0.1
20 silly idealTree:prePrune ├── sntp@1.0.9
20 silly idealTree:prePrune ├─┬ socket.io-adapter@0.3.1
20 silly idealTree:prePrune │ ├── debug@1.0.2
20 silly idealTree:prePrune │ ├── ms@0.6.2
20 silly idealTree:prePrune │ └─┬ socket.io-parser@2.2.2
20 silly idealTree:prePrune │   └── debug@0.7.4
20 silly idealTree:prePrune ├─┬ socket.io-client@1.3.7
20 silly idealTree:prePrune │ └── debug@0.7.4
20 silly idealTree:prePrune ├─┬ socket.io-parser@2.2.4
20 silly idealTree:prePrune │ └── debug@0.7.4
20 silly idealTree:prePrune ├─┬ socket.io@1.3.7
20 silly idealTree:prePrune │ ├── debug@2.1.0
20 silly idealTree:prePrune │ └── ms@0.6.2
20 silly idealTree:prePrune ├── source-map@0.4.4
20 silly idealTree:prePrune ├── sparkles@1.0.0
20 silly idealTree:prePrune ├── spawn-sync@1.0.15
20 silly idealTree:prePrune ├── statuses@1.2.1
20 silly idealTree:prePrune ├── stream-consume@0.1.0
20 silly idealTree:prePrune ├── stream-throttle@0.1.3
20 silly idealTree:prePrune ├── strict-uri-encode@1.1.0
20 silly idealTree:prePrune ├── string_decoder@0.10.31
20 silly idealTree:prePrune ├─┬ string-width@1.0.1
20 silly idealTree:prePrune │ ├── ansi-regex@2.0.0
20 silly idealTree:prePrune │ └── strip-ansi@3.0.1
20 silly idealTree:prePrune ├── stringstream@0.0.5
20 silly idealTree:prePrune ├── strip-ansi@0.3.0
20 silly idealTree:prePrune ├── strip-bom@1.0.0
20 silly idealTree:prePrune ├── supports-color@0.2.0
20 silly idealTree:prePrune ├── tar@2.2.1
20 silly idealTree:prePrune ├── tfunk@3.0.1
20 silly idealTree:prePrune ├── through2@2.0.1
20 silly idealTree:prePrune ├── tildify@1.1.2
20 silly idealTree:prePrune ├── time-stamp@1.0.0
20 silly idealTree:prePrune ├── to-array@0.1.3
20 silly idealTree:prePrune ├── tough-cookie@2.2.1
20 silly idealTree:prePrune ├─┬ transformers@2.1.0
20 silly idealTree:prePrune │ ├── is-promise@1.0.1
20 silly idealTree:prePrune │ ├── promise@2.0.0
20 silly idealTree:prePrune │ ├── source-map@0.1.43
20 silly idealTree:prePrune │ └── uglify-js@2.2.5
20 silly idealTree:prePrune ├── tunnel-agent@0.4.2
20 silly idealTree:prePrune ├── typedarray@0.0.6
20 silly idealTree:prePrune ├── ua-parser-js@0.7.10
20 silly idealTree:prePrune ├── ucfirst@1.0.0
20 silly idealTree:prePrune ├─┬ uglify-js@2.6.2
20 silly idealTree:prePrune │ ├── async@0.2.10
20 silly idealTree:prePrune │ ├── cliui@2.1.0
20 silly idealTree:prePrune │ ├── source-map@0.5.3
20 silly idealTree:prePrune │ ├── window-size@0.1.0
20 silly idealTree:prePrune │ ├── wordwrap@0.0.2
20 silly idealTree:prePrune │ └── yargs@3.10.0
20 silly idealTree:prePrune ├── uglify-to-browserify@1.0.2
20 silly idealTree:prePrune ├── uid-number@0.0.5
20 silly idealTree:prePrune ├── ultron@1.0.2
20 silly idealTree:prePrune ├── underscore@1.7.0
20 silly idealTree:prePrune ├── unique-stream@1.0.0
20 silly idealTree:prePrune ├── unpipe@1.0.0
20 silly idealTree:prePrune ├── user-home@1.1.1
20 silly idealTree:prePrune ├── utf-8-validate@1.2.1
20 silly idealTree:prePrune ├── utf8@2.1.0
20 silly idealTree:prePrune ├── util-deprecate@1.0.2
20 silly idealTree:prePrune ├── utils-merge@1.0.0
20 silly idealTree:prePrune ├── v8flags@2.0.11
20 silly idealTree:prePrune ├─┬ vinyl-fs@0.3.14
20 silly idealTree:prePrune │ ├── clone@0.2.0
20 silly idealTree:prePrune │ ├── graceful-fs@3.0.8
20 silly idealTree:prePrune │ ├── minimist@0.0.8
20 silly idealTree:prePrune │ ├── mkdirp@0.5.1
20 silly idealTree:prePrune │ ├── readable-stream@1.0.33
20 silly idealTree:prePrune │ ├── through2@0.6.5
20 silly idealTree:prePrune │ └── vinyl@0.4.6
20 silly idealTree:prePrune ├─┬ vinyl-sourcemaps-apply@0.1.4
20 silly idealTree:prePrune │ └── source-map@0.1.43
20 silly idealTree:prePrune ├── vinyl@0.5.3
20 silly idealTree:prePrune ├── void-elements@2.0.1
20 silly idealTree:prePrune ├── weinre@2.0.0-pre-I0Z7U9OV
20 silly idealTree:prePrune ├── which@1.2.4
20 silly idealTree:prePrune ├── window-size@0.1.4
20 silly idealTree:prePrune ├─┬ with@4.0.3
20 silly idealTree:prePrune │ └── acorn@1.2.2
20 silly idealTree:prePrune ├── wordwrap@0.0.3
20 silly idealTree:prePrune ├── wrap-ansi@1.0.0
20 silly idealTree:prePrune ├── wrappy@1.0.1
20 silly idealTree:prePrune ├── ws@0.8.0
20 silly idealTree:prePrune ├── xmlhttprequest@1.5.0
20 silly idealTree:prePrune ├── xtend@4.0.1
20 silly idealTree:prePrune ├── y18n@3.2.0
20 silly idealTree:prePrune ├── yallist@2.0.0
20 silly idealTree:prePrune └── yargs@3.29.0
21 silly loadIdealTree Finishing
22 silly currentTree browser-sync-jekyll@0.0.0
22 silly currentTree ├── abbrev@1.0.7
22 silly currentTree ├── accepts@1.2.13
22 silly currentTree ├── acorn-globals@1.0.9
22 silly currentTree ├── acorn@2.7.0
22 silly currentTree ├── after@0.8.1
22 silly currentTree ├── align-text@0.1.4
22 silly currentTree ├── amdefine@1.0.0
22 silly currentTree ├── ansi-regex@0.2.1
22 silly currentTree ├── ansi-styles@1.1.0
22 silly currentTree ├── ansi@0.3.1
22 silly currentTree ├── anymatch@1.3.0
22 silly currentTree ├── archy@1.0.0
22 silly currentTree ├── are-we-there-yet@1.0.6
22 silly currentTree ├── arr-diff@2.0.0
22 silly currentTree ├── arr-flatten@1.0.1
22 silly currentTree ├── array-differ@1.0.0
22 silly currentTree ├── array-index@1.0.0
22 silly currentTree ├── array-uniq@1.0.2
22 silly currentTree ├── array-unique@0.2.1
22 silly currentTree ├── arraybuffer.slice@0.0.6
22 silly currentTree ├── arrify@1.0.1
22 silly currentTree ├── asap@1.0.0
22 silly currentTree ├── asn1@0.1.11
22 silly currentTree ├── assert-plus@0.1.5
22 silly currentTree ├── async-each-series@0.1.1
22 silly currentTree ├── async-each@0.1.6
22 silly currentTree ├── async-foreach@0.1.3
22 silly currentTree ├── async@1.5.2
22 silly currentTree ├── autoprefixer-core@5.2.1
22 silly currentTree ├── aws-sign2@0.6.0
22 silly currentTree ├── backo2@1.0.2
22 silly currentTree ├── balanced-match@0.3.0
22 silly currentTree ├── base64-arraybuffer@0.1.2
22 silly currentTree ├── base64id@0.1.0
22 silly currentTree ├── batch@0.5.3
22 silly currentTree ├── beeper@1.1.0
22 silly currentTree ├── benchmark@1.0.0
22 silly currentTree ├── better-assert@1.0.2
22 silly currentTree ├── binary-extensions@1.4.0
22 silly currentTree ├── bindings@1.2.1
22 silly currentTree ├── bl@1.0.3
22 silly currentTree ├── blob@0.0.4
22 silly currentTree ├── block-stream@0.0.8
22 silly currentTree ├── boom@2.10.1
22 silly currentTree ├── brace-expansion@1.1.3
22 silly currentTree ├── braces@1.8.3
22 silly currentTree ├── browser-sync-client@2.4.1
22 silly currentTree ├── browser-sync-ui@0.5.18
22 silly currentTree ├── browser-sync@2.11.1
22 silly currentTree ├── browserslist@0.4.0
22 silly currentTree ├── bs-recipes@1.1.0
22 silly currentTree ├── bufferutil@1.2.1
22 silly currentTree ├── callsite@1.0.0
22 silly currentTree ├── camelcase-keys@1.0.0
22 silly currentTree ├── camelcase@1.2.1
22 silly currentTree ├── caniuse-db@1.0.30000411
22 silly currentTree ├── caseless@0.11.0
22 silly currentTree ├─┬ center-align@0.1.3
22 silly currentTree │ └── lazy-cache@1.0.3
22 silly currentTree ├── chalk@0.5.1
22 silly currentTree ├── character-parser@1.2.1
22 silly currentTree ├── chokidar@1.4.1
22 silly currentTree ├─┬ clean-css@3.4.9
22 silly currentTree │ └── commander@2.8.1
22 silly currentTree ├─┬ cliui@3.1.0
22 silly currentTree │ ├── ansi-regex@2.0.0
22 silly currentTree │ └── strip-ansi@3.0.1
22 silly currentTree ├── clone-stats@0.0.1
22 silly currentTree ├── clone@1.0.2
22 silly currentTree ├── code-point-at@1.0.0
22 silly currentTree ├── color-convert@1.0.0
22 silly currentTree ├── combined-stream@1.0.5
22 silly currentTree ├── commander@2.9.0
22 silly currentTree ├── component-bind@1.0.0
22 silly currentTree ├── component-emitter@1.1.2
22 silly currentTree ├── component-inherit@0.0.3
22 silly currentTree ├── concat-map@0.0.1
22 silly currentTree ├── concat-stream@1.5.1
22 silly currentTree ├── config-chain@1.1.10
22 silly currentTree ├── connect-history-api-fallback@1.1.0
22 silly currentTree ├── connect@3.4.1
22 silly currentTree ├── constantinople@3.0.2
22 silly currentTree ├── core-util-is@1.0.2
22 silly currentTree ├─┬ cross-spawn-async@2.1.9
22 silly currentTree │ └── lru-cache@4.0.0
22 silly currentTree ├── cross-spawn@2.1.5
22 silly currentTree ├── cryptiles@2.0.5
22 silly currentTree ├── css-parse@1.0.4
22 silly currentTree ├── css-stringify@1.0.5
22 silly currentTree ├── css@1.0.8
22 silly currentTree ├── ctype@0.5.3
22 silly currentTree ├── d@0.1.1
22 silly currentTree ├── dateformat@1.0.12
22 silly currentTree ├── debug@2.2.0
22 silly currentTree ├── decamelize@1.1.2
22 silly currentTree ├── defaults@1.0.3
22 silly currentTree ├── delayed-stream@1.0.0
22 silly currentTree ├── delegates@1.0.0
22 silly currentTree ├── depd@1.1.0
22 silly currentTree ├── deprecated@0.0.1
22 silly currentTree ├── destroy@1.0.4
22 silly currentTree ├── dev-ip@1.0.1
22 silly currentTree ├─┬ duplexer2@0.0.2
22 silly currentTree │ └── readable-stream@1.1.13
22 silly currentTree ├── easy-extender@2.3.2
22 silly currentTree ├── eazy-logger@2.1.2
22 silly currentTree ├── ee-first@1.1.1
22 silly currentTree ├── emitter-steward@1.0.0
22 silly currentTree ├── end-of-stream@0.1.5
22 silly currentTree ├─┬ engine.io-client@1.5.4
22 silly currentTree │ ├── debug@1.0.4
22 silly currentTree │ ├── ms@0.6.2
22 silly currentTree │ └── parseuri@0.0.4
22 silly currentTree ├── engine.io-parser@1.2.2
22 silly currentTree ├─┬ engine.io@1.5.4
22 silly currentTree │ ├── debug@1.0.3
22 silly currentTree │ └── ms@0.6.2
22 silly currentTree ├── es5-ext@0.10.11
22 silly currentTree ├── es6-iterator@2.0.0
22 silly currentTree ├── es6-promise@2.3.0
22 silly currentTree ├── es6-symbol@3.0.2
22 silly currentTree ├── escape-html@1.0.3
22 silly currentTree ├── escape-string-regexp@1.0.5
22 silly currentTree ├── etag@1.7.0
22 silly currentTree ├── eventemitter3@1.1.1
22 silly currentTree ├── expand-brackets@0.1.4
22 silly currentTree ├── expand-range@1.8.1
22 silly currentTree ├─┬ express@2.5.11
22 silly currentTree │ └── connect@1.9.2
22 silly currentTree ├── extend@3.0.0
22 silly currentTree ├── extglob@0.3.2
22 silly currentTree ├─┬ fancy-log@1.2.0
22 silly currentTree │ ├── ansi-regex@2.0.0
22 silly currentTree │ ├── ansi-styles@2.2.0
22 silly currentTree │ ├── chalk@1.1.1
22 silly currentTree │ ├── has-ansi@2.0.0
22 silly currentTree │ ├── strip-ansi@3.0.1
22 silly currentTree │ └── supports-color@2.0.0
22 silly currentTree ├── filename-regex@2.0.0
22 silly currentTree ├── fill-range@2.2.3
22 silly currentTree ├── finalhandler@0.4.1
22 silly currentTree ├── find-index@0.1.1
22 silly currentTree ├─┬ findup-sync@0.3.0
22 silly currentTree │ └── glob@5.0.15
22 silly currentTree ├── first-chunk-stream@1.0.0
22 silly currentTree ├── flagged-respawn@0.3.1
22 silly currentTree ├── for-in@0.1.4
22 silly currentTree ├── for-own@0.1.3
22 silly currentTree ├── forever-agent@0.6.1
22 silly currentTree ├── form-data@1.0.0-rc3
22 silly currentTree ├── formidable@1.0.17
22 silly currentTree ├─┬ foxy@11.1.4
22 silly currentTree │ └── resp-modifier@4.0.4
22 silly currentTree ├── fresh@0.3.0
22 silly currentTree ├── fs-extra@0.26.5
22 silly currentTree ├─┬ fsevents@1.0.8
22 silly currentTree │ ├── ansi-regex@2.0.0
22 silly currentTree │ ├── ansi-styles@2.1.0
22 silly currentTree │ ├── ansi@0.3.1
22 silly currentTree │ ├── are-we-there-yet@1.0.6
22 silly currentTree │ ├── asn1@0.2.3
22 silly currentTree │ ├── assert-plus@0.2.0
22 silly currentTree │ ├── async@1.5.2
22 silly currentTree │ ├── aws-sign2@0.6.0
22 silly currentTree │ ├─┬ aws4@1.2.1
22 silly currentTree │ │ └── lru-cache@2.7.3
22 silly currentTree │ ├── bl@1.0.2
22 silly currentTree │ ├── block-stream@0.0.8
22 silly currentTree │ ├── boom@2.10.1
22 silly currentTree │ ├── caseless@0.11.0
22 silly currentTree │ ├── chalk@1.1.1
22 silly currentTree │ ├── combined-stream@1.0.5
22 silly currentTree │ ├── commander@2.9.0
22 silly currentTree │ ├── core-util-is@1.0.2
22 silly currentTree │ ├── cryptiles@2.0.5
22 silly currentTree │ ├── dashdash@1.12.2
22 silly currentTree │ ├── debug@2.2.0
22 silly currentTree │ ├── deep-extend@0.4.1
22 silly currentTree │ ├── delayed-stream@1.0.0
22 silly currentTree │ ├── delegates@1.0.0
22 silly currentTree │ ├── ecc-jsbn@0.1.1
22 silly currentTree │ ├── escape-string-regexp@1.0.4
22 silly currentTree │ ├── extend@3.0.0
22 silly currentTree │ ├── extsprintf@1.0.2
22 silly currentTree │ ├── forever-agent@0.6.1
22 silly currentTree │ ├── form-data@1.0.0-rc3
22 silly currentTree │ ├─┬ fstream-ignore@1.0.3
22 silly currentTree │ │ └─┬ minimatch@3.0.0
22 silly currentTree │ │   └─┬ brace-expansion@1.1.2
22 silly currentTree │ │     ├── balanced-match@0.3.0
22 silly currentTree │ │     └── concat-map@0.0.1
22 silly currentTree │ ├── fstream@1.0.8
22 silly currentTree │ ├── gauge@1.2.5
22 silly currentTree │ ├── generate-function@2.0.0
22 silly currentTree │ ├── generate-object-property@1.2.0
22 silly currentTree │ ├── graceful-fs@4.1.3
22 silly currentTree │ ├── graceful-readlink@1.0.1
22 silly currentTree │ ├── har-validator@2.0.6
22 silly currentTree │ ├── has-ansi@2.0.0
22 silly currentTree │ ├── has-unicode@2.0.0
22 silly currentTree │ ├── hawk@3.1.3
22 silly currentTree │ ├── hoek@2.16.3
22 silly currentTree │ ├── http-signature@1.1.1
22 silly currentTree │ ├── inherits@2.0.1
22 silly currentTree │ ├── ini@1.3.4
22 silly currentTree │ ├── is-my-json-valid@2.12.4
22 silly currentTree │ ├── is-property@1.0.2
22 silly currentTree │ ├── is-typedarray@1.0.0
22 silly currentTree │ ├── isarray@0.0.1
22 silly currentTree │ ├── isstream@0.1.2
22 silly currentTree │ ├── jodid25519@1.0.2
22 silly currentTree │ ├── jsbn@0.1.0
22 silly currentTree │ ├── json-schema@0.2.2
22 silly currentTree │ ├── json-stringify-safe@5.0.1
22 silly currentTree │ ├── jsonpointer@2.0.0
22 silly currentTree │ ├── jsprim@1.2.2
22 silly currentTree │ ├── lodash._basetostring@3.0.1
22 silly currentTree │ ├── lodash._createpadding@3.6.1
22 silly currentTree │ ├── lodash._root@3.0.0
22 silly currentTree │ ├── lodash.pad@3.3.0
22 silly currentTree │ ├── lodash.padleft@3.1.1
22 silly currentTree │ ├── lodash.padright@3.1.1
22 silly currentTree │ ├── lodash.repeat@3.2.0
22 silly currentTree │ ├── mime-db@1.21.0
22 silly currentTree │ ├── mime-types@2.1.9
22 silly currentTree │ ├── minimist@0.0.8
22 silly currentTree │ ├── mkdirp@0.5.1
22 silly currentTree │ ├── ms@0.7.1
22 silly currentTree │ ├─┬ node-pre-gyp@0.6.21
22 silly currentTree │ │ └─┬ nopt@3.0.6
22 silly currentTree │ │   └── abbrev@1.0.7
22 silly currentTree │ ├── node-uuid@1.4.7
22 silly currentTree │ ├── npmlog@2.0.2
22 silly currentTree │ ├── oauth-sign@0.8.1
22 silly currentTree │ ├── once@1.3.3
22 silly currentTree │ ├── pinkie-promise@2.0.0
22 silly currentTree │ ├── pinkie@2.0.4
22 silly currentTree │ ├── process-nextick-args@1.0.6
22 silly currentTree │ ├── qs@6.0.2
22 silly currentTree │ ├─┬ rc@1.1.6
22 silly currentTree │ │ └── minimist@1.2.0
22 silly currentTree │ ├── readable-stream@2.0.5
22 silly currentTree │ ├── request@2.69.0
22 silly currentTree │ ├─┬ rimraf@2.5.1
22 silly currentTree │ │ └─┬ glob@6.0.4
22 silly currentTree │ │   ├─┬ inflight@1.0.4
22 silly currentTree │ │   │ └── wrappy@1.0.1
22 silly currentTree │ │   ├── inherits@2.0.1
22 silly currentTree │ │   ├─┬ minimatch@3.0.0
22 silly currentTree │ │   │ └─┬ brace-expansion@1.1.2
22 silly currentTree │ │   │   ├── balanced-match@0.3.0
22 silly currentTree │ │   │   └── concat-map@0.0.1
22 silly currentTree │ │   ├─┬ once@1.3.3
22 silly currentTree │ │   │ └── wrappy@1.0.1
22 silly currentTree │ │   └── path-is-absolute@1.0.0
22 silly currentTree │ ├── semver@5.1.0
22 silly currentTree │ ├── sntp@1.0.9
22 silly currentTree │ ├── sshpk@1.7.3
22 silly currentTree │ ├── string_decoder@0.10.31
22 silly currentTree │ ├── stringstream@0.0.5
22 silly currentTree │ ├── strip-ansi@3.0.0
22 silly currentTree │ ├── strip-json-comments@1.0.4
22 silly currentTree │ ├── supports-color@2.0.0
22 silly currentTree │ ├── tar-pack@3.1.3
22 silly currentTree │ ├── tar@2.2.1
22 silly currentTree │ ├── tough-cookie@2.2.1
22 silly currentTree │ ├── tunnel-agent@0.4.2
22 silly currentTree │ ├── tweetnacl@0.13.3
22 silly currentTree │ ├── uid-number@0.0.6
22 silly currentTree │ ├── util-deprecate@1.0.2
22 silly currentTree │ ├── verror@1.3.6
22 silly currentTree │ ├── wrappy@1.0.1
22 silly currentTree │ └── xtend@4.0.1
22 silly currentTree ├─┬ fstream@1.0.8
22 silly currentTree │ ├── minimist@0.0.8
22 silly currentTree │ └── mkdirp@0.5.1
22 silly currentTree ├── gauge@1.2.7
22 silly currentTree ├── gaze@0.5.2
22 silly currentTree ├── generate-function@2.0.0
22 silly currentTree ├── generate-object-property@1.2.0
22 silly currentTree ├── get-stdin@4.0.1
22 silly currentTree ├── glob-base@0.3.0
22 silly currentTree ├── glob-parent@2.0.0
22 silly currentTree ├─┬ glob-stream@3.1.18
22 silly currentTree │ ├── glob@4.5.3
22 silly currentTree │ ├── readable-stream@1.0.33
22 silly currentTree │ └── through2@0.6.5
22 silly currentTree ├── glob-watcher@0.0.6
22 silly currentTree ├── glob@7.0.0
22 silly currentTree ├── glob2base@0.0.12
22 silly currentTree ├── global@2.0.1
22 silly currentTree ├─┬ globule@0.1.0
22 silly currentTree │ ├── glob@3.1.21
22 silly currentTree │ ├── graceful-fs@1.2.3
22 silly currentTree │ ├── inherits@1.0.2
22 silly currentTree │ ├── lodash@1.0.2
22 silly currentTree │ └── minimatch@0.2.14
22 silly currentTree ├── glogg@1.0.0
22 silly currentTree ├── graceful-fs@4.1.3
22 silly currentTree ├── graceful-readlink@1.0.1
22 silly currentTree ├─┬ gulp-autoprefixer@2.3.1
22 silly currentTree │ ├── object-assign@2.1.1
22 silly currentTree │ ├── readable-stream@1.0.33
22 silly currentTree │ └── through2@0.6.5
22 silly currentTree ├── gulp-jade@1.1.0
22 silly currentTree ├─┬ gulp-sass@2.2.0
22 silly currentTree │ ├── object-assign@4.0.1
22 silly currentTree │ ├── source-map@0.5.3
22 silly currentTree │ └── vinyl-sourcemaps-apply@0.2.1
22 silly currentTree ├─┬ gulp-util@3.0.7
22 silly currentTree │ ├── ansi-regex@2.0.0
22 silly currentTree │ ├── ansi-styles@2.2.0
22 silly currentTree │ ├── chalk@1.1.1
22 silly currentTree │ ├── has-ansi@2.0.0
22 silly currentTree │ ├── strip-ansi@3.0.1
22 silly currentTree │ └── supports-color@2.0.0
22 silly currentTree ├─┬ gulp@3.9.1
22 silly currentTree │ ├── ansi-regex@2.0.0
22 silly currentTree │ ├── ansi-styles@2.2.0
22 silly currentTree │ ├── chalk@1.1.1
22 silly currentTree │ ├── has-ansi@2.0.0
22 silly currentTree │ ├── strip-ansi@3.0.1
22 silly currentTree │ └── supports-color@2.0.0
22 silly currentTree ├── gulplog@1.0.0
22 silly currentTree ├─┬ har-validator@2.0.6
22 silly currentTree │ ├── ansi-regex@2.0.0
22 silly currentTree │ ├── ansi-styles@2.2.0
22 silly currentTree │ ├── chalk@1.1.1
22 silly currentTree │ ├── has-ansi@2.0.0
22 silly currentTree │ ├── strip-ansi@3.0.1
22 silly currentTree │ └── supports-color@2.0.0
22 silly currentTree ├── has-ansi@0.1.0
22 silly currentTree ├── has-binary-data@0.1.3
22 silly currentTree ├── has-binary@0.1.6
22 silly currentTree ├── has-cors@1.0.3
22 silly currentTree ├── has-gulplog@0.1.0
22 silly currentTree ├── has-unicode@2.0.0
22 silly currentTree ├── hawk@3.1.3
22 silly currentTree ├── hoek@2.16.3
22 silly currentTree ├── http-errors@1.3.1
22 silly currentTree ├── http-proxy@1.13.2
22 silly currentTree ├── http-signature@0.11.0
22 silly currentTree ├── immutable@3.7.6
22 silly currentTree ├── indent-string@1.2.2
22 silly currentTree ├── indexof@0.0.1
22 silly currentTree ├── inflight@1.0.4
22 silly currentTree ├── inherits@2.0.1
22 silly currentTree ├── ini@1.3.4
22 silly currentTree ├── interpret@1.0.0
22 silly currentTree ├── invert-kv@1.0.0
22 silly currentTree ├── is-absolute@0.1.7
22 silly currentTree ├── is-binary-path@1.0.1
22 silly currentTree ├── is-buffer@1.1.2
22 silly currentTree ├── is-dotfile@1.0.2
22 silly currentTree ├── is-equal-shallow@0.1.3
22 silly currentTree ├── is-extendable@0.1.1
22 silly currentTree ├── is-extglob@1.0.0
22 silly currentTree ├── is-finite@1.0.1
22 silly currentTree ├── is-fullwidth-code-point@1.0.0
22 silly currentTree ├── is-glob@2.0.1
22 silly currentTree ├── is-my-json-valid@2.13.1
22 silly currentTree ├── is-number@2.1.0
22 silly currentTree ├── is-primitive@2.0.0
22 silly currentTree ├── is-promise@2.1.0
22 silly currentTree ├── is-property@1.0.2
22 silly currentTree ├── is-relative@0.1.3
22 silly currentTree ├── is-utf8@0.2.1
22 silly currentTree ├── isarray@0.0.1
22 silly currentTree ├── isexe@1.1.2
22 silly currentTree ├── isobject@2.0.0
22 silly currentTree ├── isstream@0.1.2
22 silly currentTree ├─┬ jade@1.11.0
22 silly currentTree │ ├── commander@2.6.0
22 silly currentTree │ ├── minimist@0.0.8
22 silly currentTree │ └── mkdirp@0.5.1
22 silly currentTree ├── js-base64@2.1.9
22 silly currentTree ├── json-stringify-safe@5.0.1
22 silly currentTree ├── json3@3.2.6
22 silly currentTree ├── jsonfile@2.2.3
22 silly currentTree ├── jsonpointer@2.0.0
22 silly currentTree ├── jstransformer@0.0.2
22 silly currentTree ├── kind-of@3.0.2
22 silly currentTree ├── klaw@1.1.3
22 silly currentTree ├── lazy-cache@0.2.7
22 silly currentTree ├── lcid@1.0.0
22 silly currentTree ├─┬ liftoff@2.2.0
22 silly currentTree │ └── extend@2.0.1
22 silly currentTree ├── limiter@1.1.0
22 silly currentTree ├── localtunnel@1.8.1
22 silly currentTree ├── lodash._arraycopy@3.0.0
22 silly currentTree ├── lodash._arrayeach@3.0.0
22 silly currentTree ├── lodash._basecopy@3.0.1
22 silly currentTree ├── lodash._basefor@3.0.3
22 silly currentTree ├── lodash._basetostring@3.0.1
22 silly currentTree ├── lodash._basevalues@3.0.0
22 silly currentTree ├── lodash._bindcallback@3.0.1
22 silly currentTree ├── lodash._createassigner@3.1.1
22 silly currentTree ├── lodash._getnative@3.9.1
22 silly currentTree ├── lodash._isiterateecall@3.0.9
22 silly currentTree ├── lodash._reescape@3.0.0
22 silly currentTree ├── lodash._reevaluate@3.0.0
22 silly currentTree ├── lodash._reinterpolate@3.0.0
22 silly currentTree ├── lodash._root@3.0.1
22 silly currentTree ├── lodash.escape@3.2.0
22 silly currentTree ├── lodash.isarguments@3.0.7
22 silly currentTree ├── lodash.isarray@3.0.4
22 silly currentTree ├── lodash.isplainobject@3.2.0
22 silly currentTree ├── lodash.istypedarray@3.0.5
22 silly currentTree ├── lodash.keys@3.1.2
22 silly currentTree ├── lodash.keysin@3.0.8
22 silly currentTree ├── lodash.merge@3.3.2
22 silly currentTree ├── lodash.pad@4.1.0
22 silly currentTree ├── lodash.padend@4.2.0
22 silly currentTree ├── lodash.padstart@4.2.0
22 silly currentTree ├── lodash.repeat@4.0.0
22 silly currentTree ├── lodash.restparam@3.6.1
22 silly currentTree ├── lodash.template@3.6.2
22 silly currentTree ├── lodash.templatesettings@3.1.1
22 silly currentTree ├── lodash.toplainobject@3.0.0
22 silly currentTree ├── lodash.tostring@4.1.1
22 silly currentTree ├── lodash@3.10.1
22 silly currentTree ├── longest@1.0.1
22 silly currentTree ├── lru-cache@2.7.3
22 silly currentTree ├── map-obj@1.0.1
22 silly currentTree ├── meow@3.3.0
22 silly currentTree ├── micromatch@2.3.5
22 silly currentTree ├── mime-db@1.22.0
22 silly currentTree ├── mime-types@2.1.10
22 silly currentTree ├── mime@1.2.4
22 silly currentTree ├── minimatch@2.0.10
22 silly currentTree ├── minimist@1.2.0
22 silly currentTree ├── mkdirp@0.3.0
22 silly currentTree ├── ms@0.7.1
22 silly currentTree ├── multipipe@0.1.2
22 silly currentTree ├── nan@2.2.0
22 silly currentTree ├── negotiator@0.5.3
22 silly currentTree ├─┬ node-gyp@3.3.0
22 silly currentTree │ ├─┬ glob@4.5.3
22 silly currentTree │ │ └── minimatch@2.0.10
22 silly currentTree │ ├── minimatch@1.0.0
22 silly currentTree │ ├── minimist@0.0.8
22 silly currentTree │ └── mkdirp@0.5.1
22 silly currentTree ├─┬ node-sass@3.4.2
22 silly currentTree │ ├── ansi-regex@2.0.0
22 silly currentTree │ ├── ansi-styles@2.2.0
22 silly currentTree │ ├── chalk@1.1.1
22 silly currentTree │ ├── glob@5.0.15
22 silly currentTree │ ├── has-ansi@2.0.0
22 silly currentTree │ ├── minimist@0.0.8
22 silly currentTree │ ├── mkdirp@0.5.1
22 silly currentTree │ ├── strip-ansi@3.0.1
22 silly currentTree │ └── supports-color@2.0.0
22 silly currentTree ├── node-uuid@1.4.7
22 silly currentTree ├── nopt@3.0.6
22 silly currentTree ├── normalize-path@2.0.1
22 silly currentTree ├─┬ npmconf@2.1.2
22 silly currentTree │ ├── minimist@0.0.8
22 silly currentTree │ └── mkdirp@0.5.1
22 silly currentTree ├── npmlog@2.0.2
22 silly currentTree ├── num2fraction@1.2.2
22 silly currentTree ├── number-is-nan@1.0.0
22 silly currentTree ├── oauth-sign@0.8.1
22 silly currentTree ├── object-assign@3.0.0
22 silly currentTree ├── object-component@0.0.3
22 silly currentTree ├── object-keys@1.0.1
22 silly currentTree ├── object-path@0.9.2
22 silly currentTree ├── object.omit@2.0.0
22 silly currentTree ├── on-finished@2.3.0
22 silly currentTree ├── once@1.3.3
22 silly currentTree ├── openurl@1.1.0
22 silly currentTree ├─┬ opn@3.0.3
22 silly currentTree │ └── object-assign@4.0.1
22 silly currentTree ├── opt-merger@1.1.1
22 silly currentTree ├── optimist@0.3.7
22 silly currentTree ├── options@0.0.6
22 silly currentTree ├── orchestrator@0.3.7
22 silly currentTree ├── ordered-read-streams@0.1.0
22 silly currentTree ├── os-homedir@1.0.1
22 silly currentTree ├── os-locale@1.4.0
22 silly currentTree ├── os-shim@0.1.3
22 silly currentTree ├── os-tmpdir@1.0.1
22 silly currentTree ├── osenv@0.1.3
22 silly currentTree ├── parse-glob@3.0.4
22 silly currentTree ├── parsejson@0.0.1
22 silly currentTree ├── parseqs@0.0.2
22 silly currentTree ├── parseuri@0.0.2
22 silly currentTree ├── parseurl@1.3.1
22 silly currentTree ├── path-array@1.0.1
22 silly currentTree ├── path-is-absolute@1.0.0
22 silly currentTree ├── pinkie-promise@2.0.0
22 silly currentTree ├── pinkie@2.0.4
22 silly currentTree ├─┬ portscanner@1.0.0
22 silly currentTree │ └── async@0.1.15
22 silly currentTree ├── postcss@4.1.16
22 silly currentTree ├── preserve@0.2.0
22 silly currentTree ├── pretty-hrtime@1.0.2
22 silly currentTree ├── process-nextick-args@1.0.6
22 silly currentTree ├── promise@6.1.0
22 silly currentTree ├── proto-list@1.2.4
22 silly currentTree ├── pseudomap@1.0.2
22 silly currentTree ├── qs@0.4.2
22 silly currentTree ├── query-string@2.4.2
22 silly currentTree ├── randomatic@1.1.5
22 silly currentTree ├── range-parser@1.0.3
22 silly currentTree ├── readable-stream@2.0.5
22 silly currentTree ├── readdirp@2.0.0
22 silly currentTree ├── rechoir@0.6.2
22 silly currentTree ├── regex-cache@0.4.2
22 silly currentTree ├── repeat-element@1.1.2
22 silly currentTree ├── repeat-string@1.5.2
22 silly currentTree ├── repeating@1.1.3
22 silly currentTree ├── replace-ext@0.0.1
22 silly currentTree ├─┬ request@2.65.0
22 silly currentTree │ └── qs@5.2.0
22 silly currentTree ├── requires-port@1.0.0
22 silly currentTree ├── resolve@1.1.7
22 silly currentTree ├── resp-modifier@5.0.2
22 silly currentTree ├── right-align@0.1.3
22 silly currentTree ├── rimraf@2.5.2
22 silly currentTree ├─┬ sass-graph@2.1.1
22 silly currentTree │ ├── glob@6.0.4
22 silly currentTree │ └── lodash@4.5.1
22 silly currentTree ├── semver@4.3.6
22 silly currentTree ├─┬ send@0.13.1
22 silly currentTree │ └── mime@1.3.4
22 silly currentTree ├── sequencify@0.0.7
22 silly currentTree ├── serve-index@1.7.3
22 silly currentTree ├── serve-static@1.10.2
22 silly currentTree ├── sigmund@1.0.1
22 silly currentTree ├── sntp@1.0.9
22 silly currentTree ├─┬ socket.io-adapter@0.3.1
22 silly currentTree │ ├── debug@1.0.2
22 silly currentTree │ ├── ms@0.6.2
22 silly currentTree │ └─┬ socket.io-parser@2.2.2
22 silly currentTree │   └── debug@0.7.4
22 silly currentTree ├─┬ socket.io-client@1.3.7
22 silly currentTree │ └── debug@0.7.4
22 silly currentTree ├─┬ socket.io-parser@2.2.4
22 silly currentTree │ └── debug@0.7.4
22 silly currentTree ├─┬ socket.io@1.3.7
22 silly currentTree │ ├── debug@2.1.0
22 silly currentTree │ └── ms@0.6.2
22 silly currentTree ├── source-map@0.4.4
22 silly currentTree ├── sparkles@1.0.0
22 silly currentTree ├── spawn-sync@1.0.15
22 silly currentTree ├── statuses@1.2.1
22 silly currentTree ├── stream-consume@0.1.0
22 silly currentTree ├── stream-throttle@0.1.3
22 silly currentTree ├── strict-uri-encode@1.1.0
22 silly currentTree ├── string_decoder@0.10.31
22 silly currentTree ├─┬ string-width@1.0.1
22 silly currentTree │ ├── ansi-regex@2.0.0
22 silly currentTree │ └── strip-ansi@3.0.1
22 silly currentTree ├── stringstream@0.0.5
22 silly currentTree ├── strip-ansi@0.3.0
22 silly currentTree ├── strip-bom@1.0.0
22 silly currentTree ├── supports-color@0.2.0
22 silly currentTree ├── tar@2.2.1
22 silly currentTree ├── tfunk@3.0.1
22 silly currentTree ├── through2@2.0.1
22 silly currentTree ├── tildify@1.1.2
22 silly currentTree ├── time-stamp@1.0.0
22 silly currentTree ├── to-array@0.1.3
22 silly currentTree ├── tough-cookie@2.2.1
22 silly currentTree ├─┬ transformers@2.1.0
22 silly currentTree │ ├── is-promise@1.0.1
22 silly currentTree │ ├── promise@2.0.0
22 silly currentTree │ ├── source-map@0.1.43
22 silly currentTree │ └── uglify-js@2.2.5
22 silly currentTree ├── tunnel-agent@0.4.2
22 silly currentTree ├── typedarray@0.0.6
22 silly currentTree ├── ua-parser-js@0.7.10
22 silly currentTree ├── ucfirst@1.0.0
22 silly currentTree ├─┬ uglify-js@2.6.2
22 silly currentTree │ ├── async@0.2.10
22 silly currentTree │ ├── cliui@2.1.0
22 silly currentTree │ ├── source-map@0.5.3
22 silly currentTree │ ├── window-size@0.1.0
22 silly currentTree │ ├── wordwrap@0.0.2
22 silly currentTree │ └── yargs@3.10.0
22 silly currentTree ├── uglify-to-browserify@1.0.2
22 silly currentTree ├── uid-number@0.0.5
22 silly currentTree ├── ultron@1.0.2
22 silly currentTree ├── underscore@1.7.0
22 silly currentTree ├── unique-stream@1.0.0
22 silly currentTree ├── unpipe@1.0.0
22 silly currentTree ├── user-home@1.1.1
22 silly currentTree ├── utf-8-validate@1.2.1
22 silly currentTree ├── utf8@2.1.0
22 silly currentTree ├── util-deprecate@1.0.2
22 silly currentTree ├── utils-merge@1.0.0
22 silly currentTree ├── v8flags@2.0.11
22 silly currentTree ├─┬ vinyl-fs@0.3.14
22 silly currentTree │ ├── clone@0.2.0
22 silly currentTree │ ├── graceful-fs@3.0.8
22 silly currentTree │ ├── minimist@0.0.8
22 silly currentTree │ ├── mkdirp@0.5.1
22 silly currentTree │ ├── readable-stream@1.0.33
22 silly currentTree │ ├── through2@0.6.5
22 silly currentTree │ └── vinyl@0.4.6
22 silly currentTree ├─┬ vinyl-sourcemaps-apply@0.1.4
22 silly currentTree │ └── source-map@0.1.43
22 silly currentTree ├── vinyl@0.5.3
22 silly currentTree ├── void-elements@2.0.1
22 silly currentTree ├── weinre@2.0.0-pre-I0Z7U9OV
22 silly currentTree ├── which@1.2.4
22 silly currentTree ├── window-size@0.1.4
22 silly currentTree ├─┬ with@4.0.3
22 silly currentTree │ └── acorn@1.2.2
22 silly currentTree ├── wordwrap@0.0.3
22 silly currentTree ├── wrap-ansi@1.0.0
22 silly currentTree ├── wrappy@1.0.1
22 silly currentTree ├── ws@0.8.0
22 silly currentTree ├── xmlhttprequest@1.5.0
22 silly currentTree ├── xtend@4.0.1
22 silly currentTree ├── y18n@3.2.0
22 silly currentTree ├── yallist@2.0.0
22 silly currentTree └── yargs@3.29.0
23 silly idealTree browser-sync-jekyll@0.0.0
23 silly idealTree ├── abbrev@1.0.7
23 silly idealTree ├── accepts@1.2.13
23 silly idealTree ├── acorn-globals@1.0.9
23 silly idealTree ├── acorn@2.7.0
23 silly idealTree ├── after@0.8.1
23 silly idealTree ├── align-text@0.1.4
23 silly idealTree ├── amdefine@1.0.0
23 silly idealTree ├── ansi-regex@0.2.1
23 silly idealTree ├── ansi-styles@1.1.0
23 silly idealTree ├── ansi@0.3.1
23 silly idealTree ├── anymatch@1.3.0
23 silly idealTree ├── archy@1.0.0
23 silly idealTree ├── are-we-there-yet@1.0.6
23 silly idealTree ├── arr-diff@2.0.0
23 silly idealTree ├── arr-flatten@1.0.1
23 silly idealTree ├── array-differ@1.0.0
23 silly idealTree ├── array-index@1.0.0
23 silly idealTree ├── array-uniq@1.0.2
23 silly idealTree ├── array-unique@0.2.1
23 silly idealTree ├── arraybuffer.slice@0.0.6
23 silly idealTree ├── arrify@1.0.1
23 silly idealTree ├── asap@1.0.0
23 silly idealTree ├── asn1@0.1.11
23 silly idealTree ├── assert-plus@0.1.5
23 silly idealTree ├── async-each-series@0.1.1
23 silly idealTree ├── async-each@0.1.6
23 silly idealTree ├── async-foreach@0.1.3
23 silly idealTree ├── async@1.5.2
23 silly idealTree ├── autoprefixer-core@5.2.1
23 silly idealTree ├── aws-sign2@0.6.0
23 silly idealTree ├── backo2@1.0.2
23 silly idealTree ├── balanced-match@0.3.0
23 silly idealTree ├── base64-arraybuffer@0.1.2
23 silly idealTree ├── base64id@0.1.0
23 silly idealTree ├── batch@0.5.3
23 silly idealTree ├── beeper@1.1.0
23 silly idealTree ├── benchmark@1.0.0
23 silly idealTree ├── better-assert@1.0.2
23 silly idealTree ├── binary-extensions@1.4.0
23 silly idealTree ├── bindings@1.2.1
23 silly idealTree ├── bl@1.0.3
23 silly idealTree ├── blob@0.0.4
23 silly idealTree ├── block-stream@0.0.8
23 silly idealTree ├── boom@2.10.1
23 silly idealTree ├── brace-expansion@1.1.3
23 silly idealTree ├── braces@1.8.3
23 silly idealTree ├── browser-sync-client@2.4.1
23 silly idealTree ├── browser-sync-ui@0.5.18
23 silly idealTree ├── browser-sync@2.11.1
23 silly idealTree ├── browserslist@0.4.0
23 silly idealTree ├── bs-recipes@1.1.0
23 silly idealTree ├── bufferutil@1.2.1
23 silly idealTree ├── callsite@1.0.0
23 silly idealTree ├── camelcase-keys@1.0.0
23 silly idealTree ├── camelcase@1.2.1
23 silly idealTree ├── caniuse-db@1.0.30000411
23 silly idealTree ├── caseless@0.11.0
23 silly idealTree ├─┬ center-align@0.1.3
23 silly idealTree │ └── lazy-cache@1.0.3
23 silly idealTree ├── chalk@0.5.1
23 silly idealTree ├── character-parser@1.2.1
23 silly idealTree ├── chokidar@1.4.1
23 silly idealTree ├─┬ clean-css@3.4.9
23 silly idealTree │ └── commander@2.8.1
23 silly idealTree ├─┬ cliui@3.1.0
23 silly idealTree │ ├── ansi-regex@2.0.0
23 silly idealTree │ └── strip-ansi@3.0.1
23 silly idealTree ├── clone-stats@0.0.1
23 silly idealTree ├── clone@1.0.2
23 silly idealTree ├── code-point-at@1.0.0
23 silly idealTree ├── color-convert@1.0.0
23 silly idealTree ├── combined-stream@1.0.5
23 silly idealTree ├── commander@2.9.0
23 silly idealTree ├── component-bind@1.0.0
23 silly idealTree ├── component-emitter@1.1.2
23 silly idealTree ├── component-inherit@0.0.3
23 silly idealTree ├── concat-map@0.0.1
23 silly idealTree ├── concat-stream@1.5.1
23 silly idealTree ├── config-chain@1.1.10
23 silly idealTree ├── connect-history-api-fallback@1.1.0
23 silly idealTree ├── connect@3.4.1
23 silly idealTree ├── constantinople@3.0.2
23 silly idealTree ├── core-util-is@1.0.2
23 silly idealTree ├─┬ cross-spawn-async@2.1.9
23 silly idealTree │ └── lru-cache@4.0.0
23 silly idealTree ├── cross-spawn@2.1.5
23 silly idealTree ├── cryptiles@2.0.5
23 silly idealTree ├── css-parse@1.0.4
23 silly idealTree ├── css-stringify@1.0.5
23 silly idealTree ├── css@1.0.8
23 silly idealTree ├── ctype@0.5.3
23 silly idealTree ├── d@0.1.1
23 silly idealTree ├── dateformat@1.0.12
23 silly idealTree ├── debug@2.2.0
23 silly idealTree ├── decamelize@1.1.2
23 silly idealTree ├── defaults@1.0.3
23 silly idealTree ├── delayed-stream@1.0.0
23 silly idealTree ├── delegates@1.0.0
23 silly idealTree ├── depd@1.1.0
23 silly idealTree ├── deprecated@0.0.1
23 silly idealTree ├── destroy@1.0.4
23 silly idealTree ├── dev-ip@1.0.1
23 silly idealTree ├─┬ duplexer2@0.0.2
23 silly idealTree │ └── readable-stream@1.1.13
23 silly idealTree ├── easy-extender@2.3.2
23 silly idealTree ├── eazy-logger@2.1.2
23 silly idealTree ├── ee-first@1.1.1
23 silly idealTree ├── emitter-steward@1.0.0
23 silly idealTree ├── end-of-stream@0.1.5
23 silly idealTree ├─┬ engine.io-client@1.5.4
23 silly idealTree │ ├── debug@1.0.4
23 silly idealTree │ ├── ms@0.6.2
23 silly idealTree │ └── parseuri@0.0.4
23 silly idealTree ├── engine.io-parser@1.2.2
23 silly idealTree ├─┬ engine.io@1.5.4
23 silly idealTree │ ├── debug@1.0.3
23 silly idealTree │ └── ms@0.6.2
23 silly idealTree ├── es5-ext@0.10.11
23 silly idealTree ├── es6-iterator@2.0.0
23 silly idealTree ├── es6-promise@2.3.0
23 silly idealTree ├── es6-symbol@3.0.2
23 silly idealTree ├── escape-html@1.0.3
23 silly idealTree ├── escape-string-regexp@1.0.5
23 silly idealTree ├── etag@1.7.0
23 silly idealTree ├── eventemitter3@1.1.1
23 silly idealTree ├── expand-brackets@0.1.4
23 silly idealTree ├── expand-range@1.8.1
23 silly idealTree ├─┬ express@2.5.11
23 silly idealTree │ └── connect@1.9.2
23 silly idealTree ├── extend@3.0.0
23 silly idealTree ├── extglob@0.3.2
23 silly idealTree ├─┬ fancy-log@1.2.0
23 silly idealTree │ ├── ansi-regex@2.0.0
23 silly idealTree │ ├── ansi-styles@2.2.0
23 silly idealTree │ ├── chalk@1.1.1
23 silly idealTree │ ├── has-ansi@2.0.0
23 silly idealTree │ ├── strip-ansi@3.0.1
23 silly idealTree │ └── supports-color@2.0.0
23 silly idealTree ├── filename-regex@2.0.0
23 silly idealTree ├── fill-range@2.2.3
23 silly idealTree ├── finalhandler@0.4.1
23 silly idealTree ├── find-index@0.1.1
23 silly idealTree ├─┬ findup-sync@0.3.0
23 silly idealTree │ └── glob@5.0.15
23 silly idealTree ├── first-chunk-stream@1.0.0
23 silly idealTree ├── flagged-respawn@0.3.1
23 silly idealTree ├── for-in@0.1.4
23 silly idealTree ├── for-own@0.1.3
23 silly idealTree ├── forever-agent@0.6.1
23 silly idealTree ├── form-data@1.0.0-rc3
23 silly idealTree ├── formidable@1.0.17
23 silly idealTree ├─┬ foxy@11.1.4
23 silly idealTree │ └── resp-modifier@4.0.4
23 silly idealTree ├── fresh@0.3.0
23 silly idealTree ├── fs-extra@0.26.5
23 silly idealTree ├─┬ fsevents@1.0.8
23 silly idealTree │ ├── ansi-regex@2.0.0
23 silly idealTree │ ├── ansi-styles@2.1.0
23 silly idealTree │ ├── ansi@0.3.1
23 silly idealTree │ ├── are-we-there-yet@1.0.6
23 silly idealTree │ ├── asn1@0.2.3
23 silly idealTree │ ├── assert-plus@0.2.0
23 silly idealTree │ ├── async@1.5.2
23 silly idealTree │ ├── aws-sign2@0.6.0
23 silly idealTree │ ├─┬ aws4@1.2.1
23 silly idealTree │ │ └── lru-cache@2.7.3
23 silly idealTree │ ├── bl@1.0.2
23 silly idealTree │ ├── block-stream@0.0.8
23 silly idealTree │ ├── boom@2.10.1
23 silly idealTree │ ├── caseless@0.11.0
23 silly idealTree │ ├── chalk@1.1.1
23 silly idealTree │ ├── combined-stream@1.0.5
23 silly idealTree │ ├── commander@2.9.0
23 silly idealTree │ ├── core-util-is@1.0.2
23 silly idealTree │ ├── cryptiles@2.0.5
23 silly idealTree │ ├── dashdash@1.12.2
23 silly idealTree │ ├── debug@2.2.0
23 silly idealTree │ ├── deep-extend@0.4.1
23 silly idealTree │ ├── delayed-stream@1.0.0
23 silly idealTree │ ├── delegates@1.0.0
23 silly idealTree │ ├── ecc-jsbn@0.1.1
23 silly idealTree │ ├── escape-string-regexp@1.0.4
23 silly idealTree │ ├── extend@3.0.0
23 silly idealTree │ ├── extsprintf@1.0.2
23 silly idealTree │ ├── forever-agent@0.6.1
23 silly idealTree │ ├── form-data@1.0.0-rc3
23 silly idealTree │ ├─┬ fstream-ignore@1.0.3
23 silly idealTree │ │ └─┬ minimatch@3.0.0
23 silly idealTree │ │   └─┬ brace-expansion@1.1.2
23 silly idealTree │ │     ├── balanced-match@0.3.0
23 silly idealTree │ │     └── concat-map@0.0.1
23 silly idealTree │ ├── fstream@1.0.8
23 silly idealTree │ ├── gauge@1.2.5
23 silly idealTree │ ├── generate-function@2.0.0
23 silly idealTree │ ├── generate-object-property@1.2.0
23 silly idealTree │ ├── graceful-fs@4.1.3
23 silly idealTree │ ├── graceful-readlink@1.0.1
23 silly idealTree │ ├── har-validator@2.0.6
23 silly idealTree │ ├── has-ansi@2.0.0
23 silly idealTree │ ├── has-unicode@2.0.0
23 silly idealTree │ ├── hawk@3.1.3
23 silly idealTree │ ├── hoek@2.16.3
23 silly idealTree │ ├── http-signature@1.1.1
23 silly idealTree │ ├── inherits@2.0.1
23 silly idealTree │ ├── ini@1.3.4
23 silly idealTree │ ├── is-my-json-valid@2.12.4
23 silly idealTree │ ├── is-property@1.0.2
23 silly idealTree │ ├── is-typedarray@1.0.0
23 silly idealTree │ ├── isarray@0.0.1
23 silly idealTree │ ├── isstream@0.1.2
23 silly idealTree │ ├── jodid25519@1.0.2
23 silly idealTree │ ├── jsbn@0.1.0
23 silly idealTree │ ├── json-schema@0.2.2
23 silly idealTree │ ├── json-stringify-safe@5.0.1
23 silly idealTree │ ├── jsonpointer@2.0.0
23 silly idealTree │ ├── jsprim@1.2.2
23 silly idealTree │ ├── lodash._basetostring@3.0.1
23 silly idealTree │ ├── lodash._createpadding@3.6.1
23 silly idealTree │ ├── lodash._root@3.0.0
23 silly idealTree │ ├── lodash.pad@3.3.0
23 silly idealTree │ ├── lodash.padleft@3.1.1
23 silly idealTree │ ├── lodash.padright@3.1.1
23 silly idealTree │ ├── lodash.repeat@3.2.0
23 silly idealTree │ ├── mime-db@1.21.0
23 silly idealTree │ ├── mime-types@2.1.9
23 silly idealTree │ ├── minimist@0.0.8
23 silly idealTree │ ├── mkdirp@0.5.1
23 silly idealTree │ ├── ms@0.7.1
23 silly idealTree │ ├─┬ node-pre-gyp@0.6.21
23 silly idealTree │ │ └─┬ nopt@3.0.6
23 silly idealTree │ │   └── abbrev@1.0.7
23 silly idealTree │ ├── node-uuid@1.4.7
23 silly idealTree │ ├── npmlog@2.0.2
23 silly idealTree │ ├── oauth-sign@0.8.1
23 silly idealTree │ ├── once@1.3.3
23 silly idealTree │ ├── pinkie-promise@2.0.0
23 silly idealTree │ ├── pinkie@2.0.4
23 silly idealTree │ ├── process-nextick-args@1.0.6
23 silly idealTree │ ├── qs@6.0.2
23 silly idealTree │ ├─┬ rc@1.1.6
23 silly idealTree │ │ └── minimist@1.2.0
23 silly idealTree │ ├── readable-stream@2.0.5
23 silly idealTree │ ├── request@2.69.0
23 silly idealTree │ ├─┬ rimraf@2.5.1
23 silly idealTree │ │ └─┬ glob@6.0.4
23 silly idealTree │ │   ├─┬ inflight@1.0.4
23 silly idealTree │ │   │ └── wrappy@1.0.1
23 silly idealTree │ │   ├── inherits@2.0.1
23 silly idealTree │ │   ├─┬ minimatch@3.0.0
23 silly idealTree │ │   │ └─┬ brace-expansion@1.1.2
23 silly idealTree │ │   │   ├── balanced-match@0.3.0
23 silly idealTree │ │   │   └── concat-map@0.0.1
23 silly idealTree │ │   ├─┬ once@1.3.3
23 silly idealTree │ │   │ └── wrappy@1.0.1
23 silly idealTree │ │   └── path-is-absolute@1.0.0
23 silly idealTree │ ├── semver@5.1.0
23 silly idealTree │ ├── sntp@1.0.9
23 silly idealTree │ ├── sshpk@1.7.3
23 silly idealTree │ ├── string_decoder@0.10.31
23 silly idealTree │ ├── stringstream@0.0.5
23 silly idealTree │ ├── strip-ansi@3.0.0
23 silly idealTree │ ├── strip-json-comments@1.0.4
23 silly idealTree │ ├── supports-color@2.0.0
23 silly idealTree │ ├── tar-pack@3.1.3
23 silly idealTree │ ├── tar@2.2.1
23 silly idealTree │ ├── tough-cookie@2.2.1
23 silly idealTree │ ├── tunnel-agent@0.4.2
23 silly idealTree │ ├── tweetnacl@0.13.3
23 silly idealTree │ ├── uid-number@0.0.6
23 silly idealTree │ ├── util-deprecate@1.0.2
23 silly idealTree │ ├── verror@1.3.6
23 silly idealTree │ ├── wrappy@1.0.1
23 silly idealTree │ └── xtend@4.0.1
23 silly idealTree ├─┬ fstream@1.0.8
23 silly idealTree │ ├── minimist@0.0.8
23 silly idealTree │ └── mkdirp@0.5.1
23 silly idealTree ├── gauge@1.2.7
23 silly idealTree ├── gaze@0.5.2
23 silly idealTree ├── generate-function@2.0.0
23 silly idealTree ├── generate-object-property@1.2.0
23 silly idealTree ├── get-stdin@4.0.1
23 silly idealTree ├── glob-base@0.3.0
23 silly idealTree ├── glob-parent@2.0.0
23 silly idealTree ├─┬ glob-stream@3.1.18
23 silly idealTree │ ├── glob@4.5.3
23 silly idealTree │ ├── readable-stream@1.0.33
23 silly idealTree │ └── through2@0.6.5
23 silly idealTree ├── glob-watcher@0.0.6
23 silly idealTree ├── glob@7.0.0
23 silly idealTree ├── glob2base@0.0.12
23 silly idealTree ├── global@2.0.1
23 silly idealTree ├─┬ globule@0.1.0
23 silly idealTree │ ├── glob@3.1.21
23 silly idealTree │ ├── graceful-fs@1.2.3
23 silly idealTree │ ├── inherits@1.0.2
23 silly idealTree │ ├── lodash@1.0.2
23 silly idealTree │ └── minimatch@0.2.14
23 silly idealTree ├── glogg@1.0.0
23 silly idealTree ├── graceful-fs@4.1.3
23 silly idealTree ├── graceful-readlink@1.0.1
23 silly idealTree ├─┬ gulp-autoprefixer@2.3.1
23 silly idealTree │ ├── object-assign@2.1.1
23 silly idealTree │ ├── readable-stream@1.0.33
23 silly idealTree │ └── through2@0.6.5
23 silly idealTree ├── gulp-jade@1.1.0
23 silly idealTree ├─┬ gulp-sass@2.2.0
23 silly idealTree │ ├── object-assign@4.0.1
23 silly idealTree │ ├── source-map@0.5.3
23 silly idealTree │ └── vinyl-sourcemaps-apply@0.2.1
23 silly idealTree ├─┬ gulp-util@3.0.7
23 silly idealTree │ ├── ansi-regex@2.0.0
23 silly idealTree │ ├── ansi-styles@2.2.0
23 silly idealTree │ ├── chalk@1.1.1
23 silly idealTree │ ├── has-ansi@2.0.0
23 silly idealTree │ ├── strip-ansi@3.0.1
23 silly idealTree │ └── supports-color@2.0.0
23 silly idealTree ├─┬ gulp@3.9.1
23 silly idealTree │ ├── ansi-regex@2.0.0
23 silly idealTree │ ├── ansi-styles@2.2.0
23 silly idealTree │ ├── chalk@1.1.1
23 silly idealTree │ ├── has-ansi@2.0.0
23 silly idealTree │ ├── strip-ansi@3.0.1
23 silly idealTree │ └── supports-color@2.0.0
23 silly idealTree ├── gulplog@1.0.0
23 silly idealTree ├─┬ har-validator@2.0.6
23 silly idealTree │ ├── ansi-regex@2.0.0
23 silly idealTree │ ├── ansi-styles@2.2.0
23 silly idealTree │ ├── chalk@1.1.1
23 silly idealTree │ ├── has-ansi@2.0.0
23 silly idealTree │ ├── strip-ansi@3.0.1
23 silly idealTree │ └── supports-color@2.0.0
23 silly idealTree ├── has-ansi@0.1.0
23 silly idealTree ├── has-binary-data@0.1.3
23 silly idealTree ├── has-binary@0.1.6
23 silly idealTree ├── has-cors@1.0.3
23 silly idealTree ├── has-gulplog@0.1.0
23 silly idealTree ├── has-unicode@2.0.0
23 silly idealTree ├── hawk@3.1.3
23 silly idealTree ├── hoek@2.16.3
23 silly idealTree ├── http-errors@1.3.1
23 silly idealTree ├── http-proxy@1.13.2
23 silly idealTree ├── http-signature@0.11.0
23 silly idealTree ├── immutable@3.7.6
23 silly idealTree ├── indent-string@1.2.2
23 silly idealTree ├── indexof@0.0.1
23 silly idealTree ├── inflight@1.0.4
23 silly idealTree ├── inherits@2.0.1
23 silly idealTree ├── ini@1.3.4
23 silly idealTree ├── interpret@1.0.0
23 silly idealTree ├── invert-kv@1.0.0
23 silly idealTree ├── is-absolute@0.1.7
23 silly idealTree ├── is-binary-path@1.0.1
23 silly idealTree ├── is-buffer@1.1.2
23 silly idealTree ├── is-dotfile@1.0.2
23 silly idealTree ├── is-equal-shallow@0.1.3
23 silly idealTree ├── is-extendable@0.1.1
23 silly idealTree ├── is-extglob@1.0.0
23 silly idealTree ├── is-finite@1.0.1
23 silly idealTree ├── is-fullwidth-code-point@1.0.0
23 silly idealTree ├── is-glob@2.0.1
23 silly idealTree ├── is-my-json-valid@2.13.1
23 silly idealTree ├── is-number@2.1.0
23 silly idealTree ├── is-primitive@2.0.0
23 silly idealTree ├── is-promise@2.1.0
23 silly idealTree ├── is-property@1.0.2
23 silly idealTree ├── is-relative@0.1.3
23 silly idealTree ├── is-utf8@0.2.1
23 silly idealTree ├── isarray@0.0.1
23 silly idealTree ├── isexe@1.1.2
23 silly idealTree ├── isobject@2.0.0
23 silly idealTree ├── isstream@0.1.2
23 silly idealTree ├─┬ jade@1.11.0
23 silly idealTree │ ├── commander@2.6.0
23 silly idealTree │ ├── minimist@0.0.8
23 silly idealTree │ └── mkdirp@0.5.1
23 silly idealTree ├── js-base64@2.1.9
23 silly idealTree ├── json-stringify-safe@5.0.1
23 silly idealTree ├── json3@3.2.6
23 silly idealTree ├── jsonfile@2.2.3
23 silly idealTree ├── jsonpointer@2.0.0
23 silly idealTree ├── jstransformer@0.0.2
23 silly idealTree ├── kind-of@3.0.2
23 silly idealTree ├── klaw@1.1.3
23 silly idealTree ├── lazy-cache@0.2.7
23 silly idealTree ├── lcid@1.0.0
23 silly idealTree ├─┬ liftoff@2.2.0
23 silly idealTree │ └── extend@2.0.1
23 silly idealTree ├── limiter@1.1.0
23 silly idealTree ├── localtunnel@1.8.1
23 silly idealTree ├── lodash._arraycopy@3.0.0
23 silly idealTree ├── lodash._arrayeach@3.0.0
23 silly idealTree ├── lodash._basecopy@3.0.1
23 silly idealTree ├── lodash._basefor@3.0.3
23 silly idealTree ├── lodash._basetostring@3.0.1
23 silly idealTree ├── lodash._basevalues@3.0.0
23 silly idealTree ├── lodash._bindcallback@3.0.1
23 silly idealTree ├── lodash._createassigner@3.1.1
23 silly idealTree ├── lodash._getnative@3.9.1
23 silly idealTree ├── lodash._isiterateecall@3.0.9
23 silly idealTree ├── lodash._reescape@3.0.0
23 silly idealTree ├── lodash._reevaluate@3.0.0
23 silly idealTree ├── lodash._reinterpolate@3.0.0
23 silly idealTree ├── lodash._root@3.0.1
23 silly idealTree ├── lodash.escape@3.2.0
23 silly idealTree ├── lodash.isarguments@3.0.7
23 silly idealTree ├── lodash.isarray@3.0.4
23 silly idealTree ├── lodash.isplainobject@3.2.0
23 silly idealTree ├── lodash.istypedarray@3.0.5
23 silly idealTree ├── lodash.keys@3.1.2
23 silly idealTree ├── lodash.keysin@3.0.8
23 silly idealTree ├── lodash.merge@3.3.2
23 silly idealTree ├── lodash.pad@4.1.0
23 silly idealTree ├── lodash.padend@4.2.0
23 silly idealTree ├── lodash.padstart@4.2.0
23 silly idealTree ├── lodash.repeat@4.0.0
23 silly idealTree ├── lodash.restparam@3.6.1
23 silly idealTree ├── lodash.template@3.6.2
23 silly idealTree ├── lodash.templatesettings@3.1.1
23 silly idealTree ├── lodash.toplainobject@3.0.0
23 silly idealTree ├── lodash.tostring@4.1.1
23 silly idealTree ├── lodash@3.10.1
23 silly idealTree ├── longest@1.0.1
23 silly idealTree ├── lru-cache@2.7.3
23 silly idealTree ├── map-obj@1.0.1
23 silly idealTree ├── meow@3.3.0
23 silly idealTree ├── micromatch@2.3.5
23 silly idealTree ├── mime-db@1.22.0
23 silly idealTree ├── mime-types@2.1.10
23 silly idealTree ├── mime@1.2.4
23 silly idealTree ├── minimatch@2.0.10
23 silly idealTree ├── minimist@1.2.0
23 silly idealTree ├── mkdirp@0.3.0
23 silly idealTree ├── ms@0.7.1
23 silly idealTree ├── multipipe@0.1.2
23 silly idealTree ├── nan@2.2.0
23 silly idealTree ├── negotiator@0.5.3
23 silly idealTree ├─┬ node-gyp@3.3.0
23 silly idealTree │ ├─┬ glob@4.5.3
23 silly idealTree │ │ └── minimatch@2.0.10
23 silly idealTree │ ├── minimatch@1.0.0
23 silly idealTree │ ├── minimist@0.0.8
23 silly idealTree │ └── mkdirp@0.5.1
23 silly idealTree ├─┬ node-sass@3.4.2
23 silly idealTree │ ├── ansi-regex@2.0.0
23 silly idealTree │ ├── ansi-styles@2.2.0
23 silly idealTree │ ├── chalk@1.1.1
23 silly idealTree │ ├── glob@5.0.15
23 silly idealTree │ ├── has-ansi@2.0.0
23 silly idealTree │ ├── minimist@0.0.8
23 silly idealTree │ ├── mkdirp@0.5.1
23 silly idealTree │ ├── strip-ansi@3.0.1
23 silly idealTree │ └── supports-color@2.0.0
23 silly idealTree ├── node-uuid@1.4.7
23 silly idealTree ├── nopt@3.0.6
23 silly idealTree ├── normalize-path@2.0.1
23 silly idealTree ├─┬ npmconf@2.1.2
23 silly idealTree │ ├── minimist@0.0.8
23 silly idealTree │ └── mkdirp@0.5.1
23 silly idealTree ├── npmlog@2.0.2
23 silly idealTree ├── num2fraction@1.2.2
23 silly idealTree ├── number-is-nan@1.0.0
23 silly idealTree ├── oauth-sign@0.8.1
23 silly idealTree ├── object-assign@3.0.0
23 silly idealTree ├── object-component@0.0.3
23 silly idealTree ├── object-keys@1.0.1
23 silly idealTree ├── object-path@0.9.2
23 silly idealTree ├── object.omit@2.0.0
23 silly idealTree ├── on-finished@2.3.0
23 silly idealTree ├── once@1.3.3
23 silly idealTree ├── openurl@1.1.0
23 silly idealTree ├─┬ opn@3.0.3
23 silly idealTree │ └── object-assign@4.0.1
23 silly idealTree ├── opt-merger@1.1.1
23 silly idealTree ├── optimist@0.3.7
23 silly idealTree ├── options@0.0.6
23 silly idealTree ├── orchestrator@0.3.7
23 silly idealTree ├── ordered-read-streams@0.1.0
23 silly idealTree ├── os-homedir@1.0.1
23 silly idealTree ├── os-locale@1.4.0
23 silly idealTree ├── os-shim@0.1.3
23 silly idealTree ├── os-tmpdir@1.0.1
23 silly idealTree ├── osenv@0.1.3
23 silly idealTree ├── parse-glob@3.0.4
23 silly idealTree ├── parsejson@0.0.1
23 silly idealTree ├── parseqs@0.0.2
23 silly idealTree ├── parseuri@0.0.2
23 silly idealTree ├── parseurl@1.3.1
23 silly idealTree ├── path-array@1.0.1
23 silly idealTree ├── path-is-absolute@1.0.0
23 silly idealTree ├── pinkie-promise@2.0.0
23 silly idealTree ├── pinkie@2.0.4
23 silly idealTree ├─┬ portscanner@1.0.0
23 silly idealTree │ └── async@0.1.15
23 silly idealTree ├── postcss@4.1.16
23 silly idealTree ├── preserve@0.2.0
23 silly idealTree ├── pretty-hrtime@1.0.2
23 silly idealTree ├── process-nextick-args@1.0.6
23 silly idealTree ├── promise@6.1.0
23 silly idealTree ├── proto-list@1.2.4
23 silly idealTree ├── pseudomap@1.0.2
23 silly idealTree ├── qs@0.4.2
23 silly idealTree ├── query-string@2.4.2
23 silly idealTree ├── randomatic@1.1.5
23 silly idealTree ├── range-parser@1.0.3
23 silly idealTree ├── readable-stream@2.0.5
23 silly idealTree ├── readdirp@2.0.0
23 silly idealTree ├── rechoir@0.6.2
23 silly idealTree ├── regex-cache@0.4.2
23 silly idealTree ├── repeat-element@1.1.2
23 silly idealTree ├── repeat-string@1.5.2
23 silly idealTree ├── repeating@1.1.3
23 silly idealTree ├── replace-ext@0.0.1
23 silly idealTree ├─┬ request@2.65.0
23 silly idealTree │ └── qs@5.2.0
23 silly idealTree ├── requires-port@1.0.0
23 silly idealTree ├── resolve@1.1.7
23 silly idealTree ├── resp-modifier@5.0.2
23 silly idealTree ├── right-align@0.1.3
23 silly idealTree ├── rimraf@2.5.2
23 silly idealTree ├─┬ sass-graph@2.1.1
23 silly idealTree │ ├── glob@6.0.4
23 silly idealTree │ └── lodash@4.5.1
23 silly idealTree ├── semver@4.3.6
23 silly idealTree ├─┬ send@0.13.1
23 silly idealTree │ └── mime@1.3.4
23 silly idealTree ├── sequencify@0.0.7
23 silly idealTree ├── serve-index@1.7.3
23 silly idealTree ├── serve-static@1.10.2
23 silly idealTree ├── sigmund@1.0.1
23 silly idealTree ├── sntp@1.0.9
23 silly idealTree ├─┬ socket.io-adapter@0.3.1
23 silly idealTree │ ├── debug@1.0.2
23 silly idealTree │ ├── ms@0.6.2
23 silly idealTree │ └─┬ socket.io-parser@2.2.2
23 silly idealTree │   └── debug@0.7.4
23 silly idealTree ├─┬ socket.io-client@1.3.7
23 silly idealTree │ └── debug@0.7.4
23 silly idealTree ├─┬ socket.io-parser@2.2.4
23 silly idealTree │ └── debug@0.7.4
23 silly idealTree ├─┬ socket.io@1.3.7
23 silly idealTree │ ├── debug@2.1.0
23 silly idealTree │ └── ms@0.6.2
23 silly idealTree ├── source-map@0.4.4
23 silly idealTree ├── sparkles@1.0.0
23 silly idealTree ├── spawn-sync@1.0.15
23 silly idealTree ├── statuses@1.2.1
23 silly idealTree ├── stream-consume@0.1.0
23 silly idealTree ├── stream-throttle@0.1.3
23 silly idealTree ├── strict-uri-encode@1.1.0
23 silly idealTree ├── string_decoder@0.10.31
23 silly idealTree ├─┬ string-width@1.0.1
23 silly idealTree │ ├── ansi-regex@2.0.0
23 silly idealTree │ └── strip-ansi@3.0.1
23 silly idealTree ├── stringstream@0.0.5
23 silly idealTree ├── strip-ansi@0.3.0
23 silly idealTree ├── strip-bom@1.0.0
23 silly idealTree ├── supports-color@0.2.0
23 silly idealTree ├── tar@2.2.1
23 silly idealTree ├── tfunk@3.0.1
23 silly idealTree ├── through2@2.0.1
23 silly idealTree ├── tildify@1.1.2
23 silly idealTree ├── time-stamp@1.0.0
23 silly idealTree ├── to-array@0.1.3
23 silly idealTree ├── tough-cookie@2.2.1
23 silly idealTree ├─┬ transformers@2.1.0
23 silly idealTree │ ├── is-promise@1.0.1
23 silly idealTree │ ├── promise@2.0.0
23 silly idealTree │ ├── source-map@0.1.43
23 silly idealTree │ └── uglify-js@2.2.5
23 silly idealTree ├── tunnel-agent@0.4.2
23 silly idealTree ├── typedarray@0.0.6
23 silly idealTree ├── ua-parser-js@0.7.10
23 silly idealTree ├── ucfirst@1.0.0
23 silly idealTree ├─┬ uglify-js@2.6.2
23 silly idealTree │ ├── async@0.2.10
23 silly idealTree │ ├── cliui@2.1.0
23 silly idealTree │ ├── source-map@0.5.3
23 silly idealTree │ ├── window-size@0.1.0
23 silly idealTree │ ├── wordwrap@0.0.2
23 silly idealTree │ └── yargs@3.10.0
23 silly idealTree ├── uglify-to-browserify@1.0.2
23 silly idealTree ├── uid-number@0.0.5
23 silly idealTree ├── ultron@1.0.2
23 silly idealTree ├── underscore@1.7.0
23 silly idealTree ├── unique-stream@1.0.0
23 silly idealTree ├── unpipe@1.0.0
23 silly idealTree ├── user-home@1.1.1
23 silly idealTree ├── utf-8-validate@1.2.1
23 silly idealTree ├── utf8@2.1.0
23 silly idealTree ├── util-deprecate@1.0.2
23 silly idealTree ├── utils-merge@1.0.0
23 silly idealTree ├── v8flags@2.0.11
23 silly idealTree ├─┬ vinyl-fs@0.3.14
23 silly idealTree │ ├── clone@0.2.0
23 silly idealTree │ ├── graceful-fs@3.0.8
23 silly idealTree │ ├── minimist@0.0.8
23 silly idealTree │ ├── mkdirp@0.5.1
23 silly idealTree │ ├── readable-stream@1.0.33
23 silly idealTree │ ├── through2@0.6.5
23 silly idealTree │ └── vinyl@0.4.6
23 silly idealTree ├─┬ vinyl-sourcemaps-apply@0.1.4
23 silly idealTree │ └── source-map@0.1.43
23 silly idealTree ├── vinyl@0.5.3
23 silly idealTree ├── void-elements@2.0.1
23 silly idealTree ├── weinre@2.0.0-pre-I0Z7U9OV
23 silly idealTree ├── which@1.2.4
23 silly idealTree ├── window-size@0.1.4
23 silly idealTree ├─┬ with@4.0.3
23 silly idealTree │ └── acorn@1.2.2
23 silly idealTree ├── wordwrap@0.0.3
23 silly idealTree ├── wrap-ansi@1.0.0
23 silly idealTree ├── wrappy@1.0.1
23 silly idealTree ├── ws@0.8.0
23 silly idealTree ├── xmlhttprequest@1.5.0
23 silly idealTree ├── xtend@4.0.1
23 silly idealTree ├── y18n@3.2.0
23 silly idealTree ├── yallist@2.0.0
23 silly idealTree └── yargs@3.29.0
24 silly generateActionsToTake Starting
25 silly install generateActionsToTake
26 silly generateActionsToTake Finishing
27 silly diffTrees action count 0
28 silly decomposeActions action count 0
29 silly executeActions Starting
30 silly install executeActions
31 silly doSerial global-install 0
32 silly doParallel fetch 0
33 verbose correctMkdir /Users/BedirTapkan/.npm/_locks correctMkdir not in flight; initializing
34 verbose lock using /Users/BedirTapkan/.npm/_locks/staging-14d86ccfe49e1d84.lock for /Users/BedirTapkan/BedirT.github.io/node_modules/.staging
35 verbose unlock done using /Users/BedirTapkan/.npm/_locks/staging-14d86ccfe49e1d84.lock for /Users/BedirTapkan/BedirT.github.io/node_modules/.staging
36 silly rollbackFailedOptional Starting
37 silly rollbackFailedOptional Finishing
38 silly runTopLevelLifecycles Starting
39 silly runTopLevelLifecycles Finishing
40 silly install printInstalled
41 verbose stack Error: EACCES: permission denied, mkdir '/Users/BedirTapkan/BedirT.github.io/node_modules/.staging'
41 verbose stack     at Error (native)
42 verbose cwd /Users/BedirTapkan/BedirT.github.io
43 error Darwin 15.2.0
44 error argv "/usr/local/bin/node" "/usr/local/bin/npm" "install"
45 error node v5.7.0
46 error npm  v3.6.0
47 error path /Users/BedirTapkan/BedirT.github.io/node_modules/.staging
48 error code EACCES
49 error errno -13
50 error syscall mkdir
51 error Error: EACCES: permission denied, mkdir '/Users/BedirTapkan/BedirT.github.io/node_modules/.staging'
51 error     at Error (native)
51 error  { [Error: EACCES: permission denied, mkdir '/Users/BedirTapkan/BedirT.github.io/node_modules/.staging']
51 error   errno: -13,
51 error   code: 'EACCES',
51 error   syscall: 'mkdir',
51 error   path: '/Users/BedirTapkan/BedirT.github.io/node_modules/.staging' }
52 error Please try running this command again as root/Administrator.
53 verbose exit [ -13, true ]
